Command: python train.py --dataset PEMS03 --hop 4 --batchsize 8  --loggrad 20 --cuda 0 --lr 1e-3 --clamp 0.8 --extrapolation --loss Huber
Status: Failed
Start Time: 2025-01-21 19:54:03
End Time: 2025-01-21 19:54:07
-----------------------------
Command: python train.py --dataset PEMS03 --hop 4 --batchsize 14  --loggrad 10 --cuda 0 --lr 1e-3 --clamp 0.8 --extrapolation --loss Huber --ablation DGTV
Status: Failed
Start Time: 2025-01-21 19:54:07
End Time: 2025-01-21 19:54:12
-----------------------------
Command: python train.py --dataset PEMS03 --hop 4 --batchsize 8  --loggrad 20 --cuda 1 --lr 1e-3 --clamp 0.8 --extrapolation --loss Huber
Status: Failed
Start Time: 2025-01-21 19:54:28
End Time: 2025-01-21 20:02:03
-----------------------------
Command: python train.py --dataset PEMS03 --hop 4 --batchsize 14  --loggrad 10 --cuda 1 --lr 1e-3 --clamp 0.8 --extrapolation --loss Huber --ablation DGTV
Status: Failed
Start Time: 2025-01-21 20:02:03
End Time: 2025-01-21 21:12:11
-----------------------------
Command: python train.py --dataset PEMS03 --hop 4 --batchsize 8  --loggrad 20 --cuda 1 --lr 1e-3 --clamp 0.8 --extrapolation --loss Huber --seed 42
Status: Failed
Start Time: 2025-01-21 23:00:15
End Time: 2025-01-21 23:10:38
-----------------------------
Command: python train.py --dataset PEMS03 --hop 4 --batchsize 14  --loggrad 10 --cuda 1 --lr 1e-3 --clamp 0.8 --extrapolation --loss Huber --ablation DGTV
Status: Failed
Start Time: 2025-01-21 23:10:38
End Time: 2025-01-21 23:16:07
-----------------------------
Command: python train.py --dataset PEMS03 --hop 4 --batchsize 12  --loggrad 10 --cuda 1 --lr 1e-3 --clamp 0.8 --extrapolation --loss Huber --ablation DGLR
Status: Failed
Start Time: 2025-01-21 23:16:07
End Time: 2025-01-21 23:22:21
-----------------------------
Command: python train.py --dataset PEMS03 --hop 4 --batchsize 8  --loggrad 20 --cuda 1 --lr 5e-4 --clamp 0.8 --extrapolation --loss Huber
Status: Failed
Start Time: 2025-01-21 23:22:21
End Time: 2025-01-21 23:36:24
-----------------------------
Command: python train.py --dataset PEMS03 --hop 4 --batchsize 8  --loggrad 20 --cuda 1 --lr 1e-4 --clamp 0.8 --extrapolation --loss Huber --seed 42
Status: Failed
Start Time: 2025-01-21 23:40:30
End Time: 2025-01-22 01:14:08
-----------------------------
Command: python train.py --dataset PEMS03 --hop 4 --batchsize 14  --loggrad 10 --cuda 1 --lr 1e-4 --clamp 0.8 --extrapolation --loss Huber --ablation DGTV
Status: Failed
Start Time: 2025-01-22 01:14:08
End Time: 2025-01-22 01:50:21
-----------------------------
Command: python train.py --dataset PEMS03 --hop 4 --batchsize 12  --loggrad 10 --cuda 1 --lr 1e-4 --clamp 0.8 --extrapolation --loss Huber --ablation DGLR
Status: Failed
Start Time: 2025-01-22 01:50:21
End Time: 2025-01-22 02:41:55
-----------------------------
Command: python train.py --dataset PEMS03 --hop 4 --batchsize 8  --loggrad 20 --cuda 1 --lr 5e-4 --clamp 0.8 --extrapolation --loss Huber
Status: Failed
Start Time: 2025-01-22 02:41:55
End Time: 2025-01-22 02:56:50
-----------------------------
Command: python train.py --dataset PEMS03 --hop 4 --batchsize 14  --loggrad 10 --cuda 1 --lr 5e-4 --clamp 0.8 --extrapolation --loss Huber --ablation DGTV
Status: Failed
Start Time: 2025-01-22 02:56:50
End Time: 2025-01-22 03:05:30
-----------------------------
Command: python train.py --dataset PEMS03 --hop 4 --batchsize 12  --loggrad 10 --cuda 1 --lr 5e-4 --clamp 0.8 --extrapolation --loss Huber --ablation DGLR
Status: Failed
Start Time: 2025-01-22 03:05:30
End Time: 2025-01-22 03:15:54
-----------------------------
Command: python train.py --dataset PEMS03 --hop 4 --batchsize 8  --loggrad 20 --cuda 1 --lr 1e-4 --clamp 0.8 --extrapolation --loss Huber
Status: Failed
Start Time: 2025-01-22 03:15:54
End Time: 2025-01-22 04:30:59
-----------------------------
Command: python train.py --dataset PEMS03 --hop 4 --batchsize 14  --loggrad 10 --cuda 1 --lr 1e-4 --clamp 0.8 --extrapolation --loss Huber --ablation DGTV
Status: Failed
Start Time: 2025-01-22 04:30:59
End Time: 2025-01-22 05:07:32
-----------------------------
Command: python train.py --dataset PEMS03 --hop 4 --batchsize 12  --loggrad 10 --cuda 1 --lr 1e-4 --clamp 0.8 --extrapolation --loss Huber --ablation DGLR
Status: Failed
Start Time: 2025-01-22 05:07:32
End Time: 2025-01-22 05:58:51
-----------------------------
