Command: python train.py --dataset PEMS03 --hop 4 --batchsize 14  --loggrad 20 --cuda 1 --lr 1e-3  --stepsize 10 --epoch 50 --clamp 0.8 --extrapolation
Status: Failed
Start Time: 2025-01-19 14:06:24
End Time: 2025-01-19 14:27:58
-----------------------------
Command: python train.py --dataset PEMS03 --hop 4 --batchsize 14  --loggrad 20 --cuda 1 --lr 1e-3  --stepsize 10 --epoch 50 --clamp 0 --extrapolation
Status: Failed
Start Time: 2025-01-19 14:27:58
End Time: 2025-01-19 14:28:06
-----------------------------
Command: python train.py --dataset PEMS03 --hop 4 --batchsize 14  --loggrad 20 --cuda 1 --lr 1e-3  --stepsize 10 --epoch 50 --clamp -1 --extrapolation
Status: Failed
Start Time: 2025-01-19 14:28:06
End Time: 2025-01-19 14:28:13
-----------------------------
Command: /home/disk/qij/anaconda3/bin/python train.py --dataset PEMS03 --hop 4 --batchsize 14  --loggrad 20 --cuda 1 --lr 1e-3  --stepsize 10 --epoch 50 --clamp 0.5
Status: Failed
Start Time: 2025-01-19 14:28:13
End Time: 2025-01-19 14:28:14
-----------------------------
Command: /home/disk/qij/anaconda3/bin/python train.py --dataset PEMS03 --hop 4 --batchsize 14  --loggrad 20 --cuda 1 --lr 1e-3  --stepsize 10 --epoch 50 --clamp 0.8
Status: Failed
Start Time: 2025-01-19 14:28:14
End Time: 2025-01-19 14:28:14
-----------------------------
Command: /home/disk/qij/anaconda3/bin/python train.py --dataset PEMS03 --hop 4 --batchsize 14  --loggrad 20 --cuda 1 --lr 1e-3  --stepsize 10 --epoch 50 --clamp 0.5 --optim adam
Status: Failed
Start Time: 2025-01-19 14:28:14
End Time: 2025-01-19 14:28:14
-----------------------------
Command: python train.py --dataset PEMS03 --hop 4 --batchsize 14  --loggrad 20 --cuda 1 --lr 1e-3  --stepsize 10 --epoch 50 --clamp 0 --extrapolation
Status: Failed
Start Time: 2025-01-19 14:32:01
End Time: 2025-01-19 14:32:09
-----------------------------
Command: python train.py --dataset PEMS03 --hop 4 --batchsize 14  --loggrad 20 --cuda 1 --lr 1e-3  --stepsize 10 --epoch 50 --clamp -1 --extrapolation
Status: Failed
Start Time: 2025-01-19 14:32:09
End Time: 2025-01-19 14:32:16
-----------------------------
Command: python train.py --dataset PEMS03 --hop 4 --batchsize 14  --loggrad 20 --cuda 1 --lr 1e-3  --stepsize 10 --epoch 50 --clamp 0 --extrapolation
Status: Failed
Start Time: 2025-01-19 14:32:31
End Time: 2025-01-19 14:54:04
-----------------------------
Command: python train.py --dataset PEMS03 --hop 4 --batchsize 14  --loggrad 20 --cuda 1 --lr 1e-3  --stepsize 10 --epoch 50 --clamp -1 --extrapolation
Status: Failed
Start Time: 2025-01-19 14:54:04
End Time: 2025-01-19 15:12:04
-----------------------------
Command: python train.py --dataset PEMS03 --hop 4 --batchsize 14  --loggrad 20 --cuda 1 --lr 1e-3  --stepsize 10 --epoch 50 --clamp 0 --extrapolation
Status: Failed
Start Time: 2025-01-19 19:26:26
End Time: 2025-01-19 19:42:35
-----------------------------
Command: python train.py --dataset PEMS03 --hop 4 --batchsize 14  --loggrad 20 --cuda 1 --lr 1e-3  --stepsize 10 --epoch 50 --clamp -1 --extrapolation
Status: Failed
Start Time: 2025-01-19 19:42:35
End Time: 2025-01-19 20:11:35
-----------------------------
Command: python train.py --dataset PEMS03 --hop 4 --batchsize 20  --loggrad 20 --cuda 1 --lr 1e-3  --stepsize 10 --epoch 50 --clamp 0.8 --extrapolation --ablation DGTV
Status: Failed
Start Time: 2025-01-19 20:11:35
End Time: 2025-01-19 20:17:15
-----------------------------
Command: python train.py --dataset PEMS03 --hop 4 --batchsize 20  --loggrad 20 --cuda 1 --lr 1e-3  --stepsize 10 --epoch 50 --clamp 0 --extrapolation --ablation DGTV
Status: Failed
Start Time: 2025-01-19 20:17:15
End Time: 2025-01-19 20:22:58
-----------------------------
Command: python train.py --dataset PEMS03 --hop 4 --batchsize 20  --loggrad 20 --cuda 1 --lr 1e-3  --stepsize 10 --epoch 50 --clamp -1 --extrapolation --ablation DGTV
Status: Failed
Start Time: 2025-01-19 20:22:58
End Time: 2025-01-19 20:31:51
-----------------------------
Command: python train.py --dataset PEMS03 --hop 4 --batchsize 18  --loggrad 20 --cuda 1 --lr 1e-3  --stepsize 10 --epoch 50 --clamp 0.8 --extrapolation --ablation DGLR
Status: Failed
Start Time: 2025-01-19 20:31:51
End Time: 2025-01-19 20:44:49
-----------------------------
Command: python train.py --dataset PEMS03 --hop 4 --batchsize 18  --loggrad 20 --cuda 1 --lr 1e-3  --stepsize 10 --epoch 50 --clamp 0 --extrapolation --ablation DGLR
Status: Failed
Start Time: 2025-01-19 20:44:49
End Time: 2025-01-19 20:57:48
-----------------------------
Command: python train.py --dataset PEMS03 --hop 4 --batchsize 18  --loggrad 20 --cuda 1 --lr 1e-3  --stepsize 10 --epoch 50 --clamp -1 --extrapolation --ablation DGLR
Status: Failed
Start Time: 2025-01-19 20:57:48
End Time: 2025-01-19 21:26:48
-----------------------------
Command: python train.py --dataset PEMS03 --hop 4 --batchsize 14  --loggrad 20 --cuda 1 --lr 5e-4  --stepsize 10 --epoch 50 --clamp 0 --extrapolation
Status: Failed
Start Time: 2025-01-19 21:26:48
End Time: 2025-01-19 22:02:40
-----------------------------
Command: python train.py --dataset PEMS03 --hop 4 --batchsize 14  --loggrad 20 --cuda 1 --lr 5e-4  --stepsize 10 --epoch 50 --clamp -1 --extrapolation
Status: Failed
Start Time: 2025-01-19 22:02:40
End Time: 2025-01-19 23:22:21
-----------------------------
Command: python train.py --dataset PEMS03 --hop 4 --batchsize 20  --loggrad 20 --cuda 1 --lr 5e-4  --stepsize 10 --epoch 50 --clamp 0.8 --extrapolation --ablation DGTV
Status: Failed
Start Time: 2025-01-19 23:22:21
End Time: 2025-01-19 23:37:26
-----------------------------
Command: python train.py --dataset PEMS03 --hop 4 --batchsize 20  --loggrad 20 --cuda 1 --lr 5e-4  --stepsize 10 --epoch 50 --clamp 0 --extrapolation --ablation DGTV
Status: Failed
Start Time: 2025-01-19 23:37:26
End Time: 2025-01-19 23:52:29
-----------------------------
Command: python train.py --dataset PEMS03 --hop 4 --batchsize 20  --loggrad 20 --cuda 1 --lr 5e-4  --stepsize 10 --epoch 50 --clamp -1 --extrapolation --ablation DGTV
Status: Failed
Start Time: 2025-01-19 23:52:29
End Time: 2025-01-20 00:07:41
-----------------------------
Command: python train.py --dataset PEMS03 --hop 4 --batchsize 18  --loggrad 20 --cuda 1 --lr 5e-4  --stepsize 10 --epoch 50 --clamp 0.8 --extrapolation --ablation DGLR
Status: Failed
Start Time: 2025-01-20 00:07:41
End Time: 2025-01-20 00:28:04
-----------------------------
Command: python train.py --dataset PEMS03 --hop 4 --batchsize 18  --loggrad 20 --cuda 1 --lr 5e-4  --stepsize 10 --epoch 50 --clamp 0 --extrapolation --ablation DGLR
Status: Failed
Start Time: 2025-01-20 00:28:04
End Time: 2025-01-20 00:48:24
-----------------------------
Command: python train.py --dataset PEMS03 --hop 4 --batchsize 18  --loggrad 20 --cuda 1 --lr 5e-4  --stepsize 10 --epoch 50 --clamp -1 --extrapolation --ablation DGLR
Status: Failed
Start Time: 2025-01-20 00:48:24
End Time: 2025-01-20 01:08:43
-----------------------------
