Command: python train.py --dataset PEMS04 --hop 4 --batchsize 6  --loggrad 10 --cuda 0 --lr 1e-3  --stepsize 10 --epoch 50
Status: Failed
Start Time: 2025-01-19 03:12:12
End Time: 2025-01-19 05:27:32
-----------------------------
Command: python train.py --dataset PEMS04 --hop 4 --batchsize 6  --loggrad 10 --cuda 0 --lr 5e-4  --stepsize 10 --epoch 50
Status: Failed
Start Time: 2025-01-19 05:27:32
End Time: 2025-01-19 05:49:22
-----------------------------
Command: python train.py --dataset PEMS04 --hop 4 --batchsize 6  --loggrad 10 --cuda 0 --lr 1e-4  --stepsize 10 --epoch 50
Status: Failed
Start Time: 2025-01-19 05:49:22
End Time: 2025-01-19 07:43:06
-----------------------------
Command: /home/disk/qij/anaconda3/bin/python train.py --dataset PEMS03 --hop 4 --batchsize 14  --loggrad 10 --cuda 1 --lr 1e-3  --stepsize 10 --epoch 50 --optim adam
Status: Failed
Start Time: 2025-01-19 08:51:17
End Time: 2025-01-19 09:13:21
-----------------------------
Command: /home/disk/qij/anaconda3/bin/python train.py --dataset PEMS03 --hop 4 --batchsize 14  --loggrad 10 --cuda 1 --lr 1e-3  --stepsize 10 --epoch 50 --clamp 0.5
Status: Failed
Start Time: 2025-01-19 09:13:21
End Time: 2025-01-19 09:35:00
-----------------------------
Command: /home/disk/qij/anaconda3/bin/python train.py --dataset PEMS03 --hop 4 --batchsize 14  --loggrad 10 --cuda 1 --lr 1e-3  --stepsize 10 --epoch 50 --clamp 0.8
Status: Failed
Start Time: 2025-01-19 09:35:00
End Time: 2025-01-19 09:35:07
-----------------------------
Command: /home/disk/qij/anaconda3/bin/python train.py --dataset PEMS03 --hop 4 --batchsize 14  --loggrad 10 --cuda 1 --lr 1e-3  --stepsize 10 --epoch 50 --clamp 0.5 --optim adam
Status: Failed
Start Time: 2025-01-19 09:35:07
End Time: 2025-01-19 09:35:16
-----------------------------
