2024-12-14 11:38:51,927 - #################################################
2024-12-14 11:38:51,928 - pretrained path: None
2024-12-14 11:38:51,928 - learning k hop: 2
2024-12-14 11:38:51,928 - batch size: 12
2024-12-14 11:38:51,928 - learning rate: 0.001
2024-12-14 11:38:51,928 - Loss function: MSE
2024-12-14 11:38:51,928 - Total parameters: 11125
2024-12-14 11:38:51,928 - device: cuda:0
2024-12-14 11:38:51,929 - PARAMTER SETTINGS:
2024-12-14 11:38:51,929 - ADMM info: {'ADMM_iters': 24, 'CG_iters': 3, 'PGD_iters': 3, 'mu_u_init': 3, 'mu_d1_init': 3, 'mu_d2_init': 3}
2024-12-14 11:38:51,929 - graph info: nodes 307, edges 680
2024-12-14 11:38:51,929 - --------BEGIN TRAINING PROCESS------------
2024-12-14 11:39:10,384 - #################################################
2024-12-14 11:39:10,384 - pretrained path: None
2024-12-14 11:39:10,384 - learning k hop: 2
2024-12-14 11:39:10,384 - batch size: 10
2024-12-14 11:39:10,385 - learning rate: 0.001
2024-12-14 11:39:10,389 - Loss function: MSE
2024-12-14 11:39:10,389 - Total parameters: 11125
2024-12-14 11:39:10,390 - device: cuda:0
2024-12-14 11:39:10,390 - PARAMTER SETTINGS:
2024-12-14 11:39:10,390 - ADMM info: {'ADMM_iters': 24, 'CG_iters': 3, 'PGD_iters': 3, 'mu_u_init': 3, 'mu_d1_init': 3, 'mu_d2_init': 3}
2024-12-14 11:39:10,390 - graph info: nodes 307, edges 680
2024-12-14 11:39:10,390 - --------BEGIN TRAINING PROCESS------------
2024-12-14 11:39:24,147 - #################################################
2024-12-14 11:39:24,147 - pretrained path: None
2024-12-14 11:39:24,148 - learning k hop: 2
2024-12-14 11:39:24,148 - batch size: 8
2024-12-14 11:39:24,148 - learning rate: 0.001
2024-12-14 11:39:24,148 - Loss function: MSE
2024-12-14 11:39:24,148 - Total parameters: 11125
2024-12-14 11:39:24,148 - device: cuda:0
2024-12-14 11:39:24,148 - PARAMTER SETTINGS:
2024-12-14 11:39:24,148 - ADMM info: {'ADMM_iters': 24, 'CG_iters': 3, 'PGD_iters': 3, 'mu_u_init': 3, 'mu_d1_init': 3, 'mu_d2_init': 3}
2024-12-14 11:39:24,148 - graph info: nodes 307, edges 680
2024-12-14 11:39:24,149 - --------BEGIN TRAINING PROCESS------------
2024-12-14 12:40:03,883 - output: (755.207275390625, 0.0)
2024-12-14 12:40:03,884 - Training: Epoch [1/30], Loss:1444.7605, rec_RMSE: 33.4921, RMSE_next:13.6978, RMSE:42.0452, MAE:17.6301, MAPE(%):19391150.2178
2024-12-14 12:40:03,884 - multiQ1, multiQ2, multiM: 1.2110966444015503, 0.8350942730903625, 1.484406590461731
2024-12-14 12:40:03,884 - rho, rho_u, rho_d: 5.199044227600098, 5.180361747741699, 5.125781059265137
2024-12-14 12:40:03,884 - max alphas, 0.1305, 0.1382, 0.1383
2024-12-14 12:40:03,884 - max betas, 0.1446, 0.1451, 0.1296
2024-12-14 13:40:45,127 - output: (722.2922973632812, 0.0)
2024-12-14 13:40:45,129 - Training: Epoch [2/30], Loss:255.9876, rec_RMSE: 4.0623, RMSE_next:6.2592, RMSE:22.2592, MAE:9.3010, MAPE(%):7786592.2080
2024-12-14 13:40:45,129 - multiQ1, multiQ2, multiM: 1.205658197402954, 0.8191424012184143, 1.4843978881835938
2024-12-14 13:40:45,130 - rho, rho_u, rho_d: 5.285027503967285, 5.177465915679932, 5.133820533752441
2024-12-14 13:40:45,130 - max alphas, 0.1294, 0.1376, 0.1560
2024-12-14 13:40:45,130 - max betas, 0.1401, 0.1376, 0.1048
2024-12-14 14:41:26,838 - output: (715.0516357421875, 0.0)
2024-12-14 14:41:26,841 - Training: Epoch [3/30], Loss:242.5527, rec_RMSE: 3.3020, RMSE_next:6.1726, RMSE:21.7762, MAE:8.9229, MAPE(%):7500203.8773
2024-12-14 14:41:26,842 - multiQ1, multiQ2, multiM: 1.1953754425048828, 0.8109715580940247, 1.4843887090682983
2024-12-14 14:41:26,843 - rho, rho_u, rho_d: 5.374183654785156, 5.174563407897949, 5.154593467712402
2024-12-14 14:41:26,843 - max alphas, 0.1323, 0.1373, 0.2000
2024-12-14 14:41:26,844 - max betas, 0.1526, 0.1339, 0.1063
2024-12-14 15:42:04,803 - output: (595.8186645507812, 0.0)
2024-12-14 15:42:04,807 - Training: Epoch [4/30], Loss:237.0245, rec_RMSE: 2.9686, RMSE_next:6.1278, RMSE:21.5693, MAE:8.7731, MAPE(%):7307108.9810
2024-12-14 15:42:04,809 - multiQ1, multiQ2, multiM: 1.1839739084243774, 0.8107792735099792, 1.4843764305114746
2024-12-14 15:42:04,810 - rho, rho_u, rho_d: 5.574918746948242, 5.182095527648926, 5.268415927886963
2024-12-14 15:42:04,810 - max alphas, 0.1879, 0.1318, 0.2000
2024-12-14 15:42:04,814 - max betas, 0.2000, 0.1353, 0.1793
2024-12-15 09:55:47,565 - #################################################
2024-12-15 09:55:47,565 - pretrained path: None
2024-12-15 09:55:47,565 - learning k hop: 2
2024-12-15 09:55:47,565 - batch size: 8
2024-12-15 09:55:47,566 - learning rate: 0.001
2024-12-15 09:55:47,566 - Loss function: MSE
2024-12-15 09:55:47,566 - Total parameters: 11125
2024-12-15 09:55:47,566 - device: cuda:0
2024-12-15 09:55:47,566 - PARAMTER SETTINGS:
2024-12-15 09:55:47,567 - ADMM info: {'ADMM_iters': 24, 'CG_iters': 3, 'PGD_iters': 3, 'mu_u_init': 3, 'mu_d1_init': 3, 'mu_d2_init': 3}
2024-12-15 09:55:47,567 - graph info: nodes 307, edges 680
2024-12-15 09:55:47,567 - --------BEGIN TRAINING PROCESS------------
2024-12-15 10:02:57,529 - #################################################
2024-12-15 10:02:57,529 - pretrained path: None
2024-12-15 10:02:57,530 - learning k hop: 2
2024-12-15 10:02:57,530 - batch size: 8
2024-12-15 10:02:57,530 - learning rate: 0.001
2024-12-15 10:02:57,530 - Loss function: MSE
2024-12-15 10:02:57,530 - Total parameters: 11125
2024-12-15 10:02:57,530 - device: cuda:0
2024-12-15 10:02:57,531 - PARAMTER SETTINGS:
2024-12-15 10:02:57,531 - ADMM info: {'ADMM_iters': 24, 'CG_iters': 3, 'PGD_iters': 3, 'mu_u_init': 3, 'mu_d1_init': 3, 'mu_d2_init': 3}
2024-12-15 10:02:57,531 - graph info: nodes 307, edges 680
2024-12-15 10:02:57,531 - --------BEGIN TRAINING PROCESS------------
2024-12-15 11:03:36,033 - output: (755.207275390625, 0.0)
2024-12-15 11:03:36,034 - Training: Epoch [1/30], Loss:1444.7605, rec_RMSE: 33.4921, RMSE_next:13.6978, RMSE:42.0452, MAE:17.6301, MAPE(%):19391150.2178
2024-12-15 11:03:36,034 - multiQ1, multiQ2, multiM: 1.2110966444015503, 0.8350942730903625, 1.484406590461731
2024-12-15 11:03:36,034 - rho, rho_u, rho_d: 5.199044227600098, 5.180361747741699, 5.125781059265137
2024-12-15 11:03:36,034 - max alphas, 0.1305, 0.1382, 0.1383
2024-12-15 11:03:36,034 - max betas, 0.1446, 0.1451, 0.1296
2024-12-15 12:04:12,604 - output: (722.2922973632812, 0.0)
2024-12-15 12:04:12,607 - Training: Epoch [2/30], Loss:255.9876, rec_RMSE: 4.0623, RMSE_next:6.2592, RMSE:22.2592, MAE:9.3010, MAPE(%):7786592.2080
2024-12-15 12:04:12,608 - multiQ1, multiQ2, multiM: 1.205658197402954, 0.8191424012184143, 1.4843978881835938
2024-12-15 12:04:12,608 - rho, rho_u, rho_d: 5.285027503967285, 5.177465915679932, 5.133820533752441
2024-12-15 12:04:12,608 - max alphas, 0.1294, 0.1376, 0.1560
2024-12-15 12:04:12,609 - max betas, 0.1401, 0.1376, 0.1048
2024-12-15 13:04:53,940 - output: (715.0516357421875, 0.0)
2024-12-15 13:04:53,942 - Training: Epoch [3/30], Loss:242.5527, rec_RMSE: 3.3020, RMSE_next:6.1726, RMSE:21.7762, MAE:8.9229, MAPE(%):7500203.8773
2024-12-15 13:04:53,943 - multiQ1, multiQ2, multiM: 1.1953754425048828, 0.8109715580940247, 1.4843887090682983
2024-12-15 13:04:53,945 - rho, rho_u, rho_d: 5.374183654785156, 5.174563407897949, 5.154593467712402
2024-12-15 13:04:53,945 - max alphas, 0.1323, 0.1373, 0.2000
2024-12-15 13:04:53,946 - max betas, 0.1526, 0.1339, 0.1063
2024-12-15 14:05:35,882 - output: (595.8186645507812, 0.0)
2024-12-15 14:05:35,886 - Training: Epoch [4/30], Loss:237.0245, rec_RMSE: 2.9686, RMSE_next:6.1278, RMSE:21.5693, MAE:8.7731, MAPE(%):7307108.9810
2024-12-15 14:05:35,887 - multiQ1, multiQ2, multiM: 1.1839739084243774, 0.8107792735099792, 1.4843764305114746
2024-12-15 14:05:35,887 - rho, rho_u, rho_d: 5.574918746948242, 5.182095527648926, 5.268415927886963
2024-12-15 14:05:35,888 - max alphas, 0.1879, 0.1318, 0.2000
2024-12-15 14:05:35,888 - max betas, 0.2000, 0.1353, 0.1793
2024-12-15 15:06:18,151 - output: (466.78265380859375, 0.0)
2024-12-15 15:06:18,153 - Training: Epoch [5/30], Loss:234.8424, rec_RMSE: 2.9421, RMSE_next:6.1173, RMSE:21.4716, MAE:8.7297, MAPE(%):7301192.9644
2024-12-15 15:06:18,155 - multiQ1, multiQ2, multiM: 1.171736240386963, 0.8175657987594604, 1.4843487739562988
2024-12-15 15:06:18,155 - rho, rho_u, rho_d: 5.9895100593566895, 5.165247917175293, 5.440274715423584
2024-12-15 15:06:18,155 - max alphas, 0.1974, 0.1384, 0.1967
2024-12-15 15:06:18,157 - max betas, 0.1998, 0.1435, 0.1685
2024-12-15 16:07:09,099 - output: (652.6156616210938, 0.0)
2024-12-15 16:07:09,101 - Training: Epoch [6/30], Loss:230.7463, rec_RMSE: 2.7344, RMSE_next:6.0893, RMSE:21.3076, MAE:8.6414, MAPE(%):7202195.7806
2024-12-15 16:07:09,102 - multiQ1, multiQ2, multiM: 1.1541085243225098, 0.8342925906181335, 1.4843451976776123
2024-12-15 16:07:09,102 - rho, rho_u, rho_d: 5.930819511413574, 5.201121807098389, 5.555326461791992
2024-12-15 16:07:09,102 - max alphas, 0.1994, 0.1942, 0.1968
2024-12-15 16:07:09,102 - max betas, 0.2000, 0.1901, 0.2000
2024-12-15 16:16:20,395 - Validation: Epoch [6/30], Loss:252.9887, rec_RMSE:3.3751 RMSE_next:17.9181, RMSE:22.2393, MAE:8.9773, MAPE(%):5622119.9686
2024-12-15 17:17:11,244 - output: (619.220947265625, 0.0)
2024-12-15 17:17:11,248 - Training: Epoch [7/30], Loss:228.4016, rec_RMSE: 2.8601, RMSE_next:6.1081, RMSE:21.1807, MAE:8.6216, MAPE(%):7115702.4187
2024-12-15 17:17:11,249 - multiQ1, multiQ2, multiM: 1.1647124290466309, 0.8803890943527222, 1.484344720840454
2024-12-15 17:17:11,249 - rho, rho_u, rho_d: 5.91724967956543, 5.277528285980225, 5.610044956207275
2024-12-15 17:17:11,249 - max alphas, 0.2000, 0.2000, 0.2000
2024-12-15 17:17:11,250 - max betas, 0.2000, 0.2000, 0.2000
2024-12-16 10:23:35,817 - #################################################
2024-12-16 10:23:35,817 - pretrained path: None
2024-12-16 10:23:35,818 - learning k hop: 2
2024-12-16 10:23:35,818 - batch size: 8
2024-12-16 10:23:35,818 - learning rate: 0.001
2024-12-16 10:23:35,818 - Loss function: MSE
2024-12-16 10:23:35,818 - Total parameters: 11605
2024-12-16 10:23:35,819 - device: cuda:0
2024-12-16 10:23:35,819 - PARAMTER SETTINGS:
2024-12-16 10:23:35,819 - ADMM info: {'ADMM_iters': 24, 'CG_iters': 3, 'PGD_iters': 3, 'mu_u_init': 3, 'mu_d1_init': 3, 'mu_d2_init': 3}
2024-12-16 10:23:35,819 - graph info: nodes 307, edges 680
2024-12-16 10:23:35,819 - --------BEGIN TRAINING PROCESS------------
2024-12-16 10:25:12,585 - #################################################
2024-12-16 10:25:12,586 - pretrained path: None
2024-12-16 10:25:12,586 - learning k hop: 2
2024-12-16 10:25:12,586 - batch size: 8
2024-12-16 10:25:12,587 - learning rate: 0.001
2024-12-16 10:25:12,587 - Loss function: MSE
2024-12-16 10:25:12,587 - Total parameters: 11605
2024-12-16 10:25:12,587 - device: cuda:0
2024-12-16 10:25:12,587 - PARAMTER SETTINGS:
2024-12-16 10:25:12,587 - ADMM info: {'ADMM_iters': 24, 'CG_iters': 3, 'PGD_iters': 3, 'mu_u_init': 3, 'mu_d1_init': 3, 'mu_d2_init': 3}
2024-12-16 10:25:12,587 - graph info: nodes 307, edges 680
2024-12-16 10:25:12,588 - --------BEGIN TRAINING PROCESS------------
2024-12-16 10:26:09,807 - #################################################
2024-12-16 10:26:09,807 - pretrained path: None
2024-12-16 10:26:09,808 - learning k hop: 2
2024-12-16 10:26:09,808 - batch size: 8
2024-12-16 10:26:09,808 - learning rate: 0.001
2024-12-16 10:26:09,808 - Loss function: MSE
2024-12-16 10:26:09,809 - Total parameters: 11605
2024-12-16 10:26:09,809 - device: cuda:0
2024-12-16 10:26:09,809 - PARAMTER SETTINGS:
2024-12-16 10:26:09,809 - ADMM info: {'ADMM_iters': 24, 'CG_iters': 3, 'PGD_iters': 3, 'mu_u_init': 3, 'mu_d1_init': 3, 'mu_d2_init': 3}
2024-12-16 10:26:09,809 - graph info: nodes 307, edges 680
2024-12-16 10:26:09,809 - --------BEGIN TRAINING PROCESS------------
2024-12-16 10:26:54,130 - #################################################
2024-12-16 10:26:54,130 - pretrained path: None
2024-12-16 10:26:54,131 - learning k hop: 2
2024-12-16 10:26:54,131 - batch size: 8
2024-12-16 10:26:54,131 - learning rate: 0.001
2024-12-16 10:26:54,131 - Loss function: MSE
2024-12-16 10:26:54,131 - Total parameters: 11605
2024-12-16 10:26:54,132 - device: cuda:0
2024-12-16 10:26:54,132 - PARAMTER SETTINGS:
2024-12-16 10:26:54,132 - ADMM info: {'ADMM_iters': 24, 'CG_iters': 3, 'PGD_iters': 3, 'mu_u_init': 3, 'mu_d1_init': 3, 'mu_d2_init': 3}
2024-12-16 10:26:54,132 - graph info: nodes 307, edges 680
2024-12-16 10:26:54,132 - --------BEGIN TRAINING PROCESS------------
2024-12-16 10:27:38,414 - #################################################
2024-12-16 10:27:38,415 - pretrained path: None
2024-12-16 10:27:38,415 - learning k hop: 2
2024-12-16 10:27:38,415 - batch size: 8
2024-12-16 10:27:38,415 - learning rate: 0.001
2024-12-16 10:27:38,415 - Loss function: MSE
2024-12-16 10:27:38,415 - Total parameters: 11605
2024-12-16 10:27:38,415 - device: cuda:0
2024-12-16 10:27:38,416 - PARAMTER SETTINGS:
2024-12-16 10:27:38,416 - ADMM info: {'ADMM_iters': 24, 'CG_iters': 3, 'PGD_iters': 3, 'mu_u_init': 3, 'mu_d1_init': 3, 'mu_d2_init': 3}
2024-12-16 10:27:38,416 - graph info: nodes 307, edges 680
2024-12-16 10:27:38,416 - --------BEGIN TRAINING PROCESS------------
2024-12-16 10:28:22,038 - #################################################
2024-12-16 10:28:22,038 - pretrained path: None
2024-12-16 10:28:22,038 - learning k hop: 2
2024-12-16 10:28:22,038 - batch size: 8
2024-12-16 10:28:22,039 - learning rate: 0.001
2024-12-16 10:28:22,039 - Loss function: MSE
2024-12-16 10:28:22,039 - Total parameters: 11605
2024-12-16 10:28:22,039 - device: cuda:0
2024-12-16 10:28:22,039 - PARAMTER SETTINGS:
2024-12-16 10:28:22,039 - ADMM info: {'ADMM_iters': 24, 'CG_iters': 3, 'PGD_iters': 3, 'mu_u_init': 3, 'mu_d1_init': 3, 'mu_d2_init': 3}
2024-12-16 10:28:22,040 - graph info: nodes 307, edges 680
2024-12-16 10:28:22,040 - --------BEGIN TRAINING PROCESS------------
2024-12-16 10:29:52,592 - #################################################
2024-12-16 10:29:52,592 - pretrained path: None
2024-12-16 10:29:52,593 - learning k hop: 2
2024-12-16 10:29:52,593 - batch size: 8
2024-12-16 10:29:52,593 - learning rate: 0.001
2024-12-16 10:29:52,593 - Loss function: MSE
2024-12-16 10:29:52,594 - Total parameters: 11545
2024-12-16 10:29:52,594 - device: cuda:0
2024-12-16 10:29:52,594 - PARAMTER SETTINGS:
2024-12-16 10:29:52,594 - ADMM info: {'ADMM_iters': 24, 'CG_iters': 3, 'PGD_iters': 3, 'mu_u_init': 3, 'mu_d1_init': 3, 'mu_d2_init': 3}
2024-12-16 10:29:52,595 - graph info: nodes 307, edges 680
2024-12-16 10:29:52,595 - --------BEGIN TRAINING PROCESS------------
2024-12-16 10:32:10,066 - #################################################
2024-12-16 10:32:10,067 - pretrained path: None
2024-12-16 10:32:10,067 - learning k hop: 2
2024-12-16 10:32:10,067 - batch size: 8
2024-12-16 10:32:10,067 - learning rate: 0.001
2024-12-16 10:32:10,067 - Loss function: MSE
2024-12-16 10:32:10,068 - Total parameters: 11545
2024-12-16 10:32:10,068 - device: cuda:0
2024-12-16 10:32:10,068 - PARAMTER SETTINGS:
2024-12-16 10:32:10,068 - ADMM info: {'ADMM_iters': 24, 'CG_iters': 3, 'PGD_iters': 3, 'mu_u_init': 3, 'mu_d1_init': 3, 'mu_d2_init': 3}
2024-12-16 10:32:10,068 - graph info: nodes 307, edges 680
2024-12-16 10:32:10,068 - --------BEGIN TRAINING PROCESS------------
2024-12-16 10:32:58,729 - #################################################
2024-12-16 10:32:58,730 - pretrained path: None
2024-12-16 10:32:58,730 - learning k hop: 2
2024-12-16 10:32:58,730 - batch size: 8
2024-12-16 10:32:58,730 - learning rate: 0.001
2024-12-16 10:32:58,731 - Loss function: MSE
2024-12-16 10:32:58,731 - Total parameters: 11545
2024-12-16 10:32:58,731 - device: cuda:0
2024-12-16 10:32:58,731 - PARAMTER SETTINGS:
2024-12-16 10:32:58,731 - ADMM info: {'ADMM_iters': 24, 'CG_iters': 3, 'PGD_iters': 3, 'mu_u_init': 3, 'mu_d1_init': 3, 'mu_d2_init': 3}
2024-12-16 10:32:58,731 - graph info: nodes 307, edges 680
2024-12-16 10:32:58,731 - --------BEGIN TRAINING PROCESS------------
2024-12-16 10:33:52,575 - #################################################
2024-12-16 10:33:52,576 - pretrained path: None
2024-12-16 10:33:52,576 - learning k hop: 2
2024-12-16 10:33:52,576 - batch size: 8
2024-12-16 10:33:52,576 - learning rate: 0.001
2024-12-16 10:33:52,576 - Loss function: MSE
2024-12-16 10:33:52,577 - Total parameters: 11545
2024-12-16 10:33:52,577 - device: cuda:0
2024-12-16 10:33:52,577 - PARAMTER SETTINGS:
2024-12-16 10:33:52,577 - ADMM info: {'ADMM_iters': 24, 'CG_iters': 3, 'PGD_iters': 3, 'mu_u_init': 3, 'mu_d1_init': 3, 'mu_d2_init': 3}
2024-12-16 10:33:52,577 - graph info: nodes 307, edges 680
2024-12-16 10:33:52,577 - --------BEGIN TRAINING PROCESS------------
2024-12-16 10:34:22,907 - #################################################
2024-12-16 10:34:22,908 - pretrained path: None
2024-12-16 10:34:22,908 - learning k hop: 2
2024-12-16 10:34:22,908 - batch size: 8
2024-12-16 10:34:22,908 - learning rate: 0.001
2024-12-16 10:34:22,908 - Loss function: MSE
2024-12-16 10:34:22,908 - Total parameters: 11545
2024-12-16 10:34:22,908 - device: cuda:0
2024-12-16 10:34:22,909 - PARAMTER SETTINGS:
2024-12-16 10:34:22,909 - ADMM info: {'ADMM_iters': 24, 'CG_iters': 3, 'PGD_iters': 3, 'mu_u_init': 3, 'mu_d1_init': 3, 'mu_d2_init': 3}
2024-12-16 10:34:22,909 - graph info: nodes 307, edges 680
2024-12-16 10:34:22,909 - --------BEGIN TRAINING PROCESS------------
2024-12-16 10:35:29,089 - #################################################
2024-12-16 10:35:29,089 - pretrained path: None
2024-12-16 10:35:29,089 - learning k hop: 2
2024-12-16 10:35:29,089 - batch size: 8
2024-12-16 10:35:29,090 - learning rate: 0.001
2024-12-16 10:35:29,090 - Loss function: MSE
2024-12-16 10:35:29,090 - Total parameters: 11545
2024-12-16 10:35:29,090 - device: cuda:0
2024-12-16 10:35:29,090 - PARAMTER SETTINGS:
2024-12-16 10:35:29,090 - ADMM info: {'ADMM_iters': 24, 'CG_iters': 3, 'PGD_iters': 3, 'mu_u_init': 3, 'mu_d1_init': 3, 'mu_d2_init': 3}
2024-12-16 10:35:29,090 - graph info: nodes 307, edges 680
2024-12-16 10:35:29,091 - --------BEGIN TRAINING PROCESS------------
2024-12-16 10:36:02,859 - #################################################
2024-12-16 10:36:02,859 - pretrained path: None
2024-12-16 10:36:02,859 - learning k hop: 2
2024-12-16 10:36:02,859 - batch size: 8
2024-12-16 10:36:02,860 - learning rate: 0.001
2024-12-16 10:36:02,860 - Loss function: MSE
2024-12-16 10:36:02,860 - Total parameters: 11545
2024-12-16 10:36:02,860 - device: cuda:0
2024-12-16 10:36:02,860 - PARAMTER SETTINGS:
2024-12-16 10:36:02,860 - ADMM info: {'ADMM_iters': 24, 'CG_iters': 3, 'PGD_iters': 3, 'mu_u_init': 3, 'mu_d1_init': 3, 'mu_d2_init': 3}
2024-12-16 10:36:02,860 - graph info: nodes 307, edges 680
2024-12-16 10:36:02,861 - --------BEGIN TRAINING PROCESS------------
2024-12-16 10:36:49,670 - #################################################
2024-12-16 10:36:49,670 - pretrained path: None
2024-12-16 10:36:49,670 - learning k hop: 2
2024-12-16 10:36:49,670 - batch size: 8
2024-12-16 10:36:49,670 - learning rate: 0.001
2024-12-16 10:36:49,671 - Loss function: MSE
2024-12-16 10:36:49,671 - Total parameters: 11545
2024-12-16 10:36:49,671 - device: cuda:0
2024-12-16 10:36:49,671 - PARAMTER SETTINGS:
2024-12-16 10:36:49,671 - ADMM info: {'ADMM_iters': 24, 'CG_iters': 3, 'PGD_iters': 3, 'mu_u_init': 3, 'mu_d1_init': 3, 'mu_d2_init': 3}
2024-12-16 10:36:49,671 - graph info: nodes 307, edges 680
2024-12-16 10:36:49,672 - --------BEGIN TRAINING PROCESS------------
2024-12-16 10:37:35,817 - #################################################
2024-12-16 10:37:35,817 - pretrained path: None
2024-12-16 10:37:35,817 - learning k hop: 2
2024-12-16 10:37:35,817 - batch size: 8
2024-12-16 10:37:35,817 - learning rate: 0.001
2024-12-16 10:37:35,818 - Loss function: MSE
2024-12-16 10:37:35,818 - Total parameters: 11545
2024-12-16 10:37:35,818 - device: cuda:0
2024-12-16 10:37:35,818 - PARAMTER SETTINGS:
2024-12-16 10:37:35,818 - ADMM info: {'ADMM_iters': 24, 'CG_iters': 3, 'PGD_iters': 3, 'mu_u_init': 3, 'mu_d1_init': 3, 'mu_d2_init': 3}
2024-12-16 10:37:35,818 - graph info: nodes 307, edges 680
2024-12-16 10:37:35,818 - --------BEGIN TRAINING PROCESS------------
2024-12-16 10:37:54,581 - #################################################
2024-12-16 10:37:54,582 - pretrained path: None
2024-12-16 10:37:54,582 - learning k hop: 2
2024-12-16 10:37:54,582 - batch size: 8
2024-12-16 10:37:54,582 - learning rate: 0.001
2024-12-16 10:37:54,582 - Loss function: MSE
2024-12-16 10:37:54,582 - Total parameters: 11545
2024-12-16 10:37:54,583 - device: cuda:0
2024-12-16 10:37:54,583 - PARAMTER SETTINGS:
2024-12-16 10:37:54,583 - ADMM info: {'ADMM_iters': 24, 'CG_iters': 3, 'PGD_iters': 3, 'mu_u_init': 3, 'mu_d1_init': 3, 'mu_d2_init': 3}
2024-12-16 10:37:54,583 - graph info: nodes 307, edges 680
2024-12-16 10:37:54,584 - --------BEGIN TRAINING PROCESS------------
2024-12-16 10:38:46,288 - #################################################
2024-12-16 10:38:46,289 - pretrained path: None
2024-12-16 10:38:46,289 - learning k hop: 2
2024-12-16 10:38:46,289 - batch size: 8
2024-12-16 10:38:46,289 - learning rate: 0.001
2024-12-16 10:38:46,289 - Loss function: MSE
2024-12-16 10:38:46,289 - Total parameters: 11545
2024-12-16 10:38:46,289 - device: cuda:0
2024-12-16 10:38:46,289 - PARAMTER SETTINGS:
2024-12-16 10:38:46,289 - ADMM info: {'ADMM_iters': 24, 'CG_iters': 3, 'PGD_iters': 3, 'mu_u_init': 3, 'mu_d1_init': 3, 'mu_d2_init': 3}
2024-12-16 10:38:46,290 - graph info: nodes 307, edges 680
2024-12-16 10:38:46,290 - --------BEGIN TRAINING PROCESS------------
2024-12-16 10:39:35,300 - #################################################
2024-12-16 10:39:35,300 - pretrained path: None
2024-12-16 10:39:35,300 - learning k hop: 2
2024-12-16 10:39:35,300 - batch size: 8
2024-12-16 10:39:35,300 - learning rate: 0.001
2024-12-16 10:39:35,300 - Loss function: MSE
2024-12-16 10:39:35,301 - Total parameters: 11545
2024-12-16 10:39:35,301 - device: cuda:0
2024-12-16 10:39:35,301 - PARAMTER SETTINGS:
2024-12-16 10:39:35,301 - ADMM info: {'ADMM_iters': 24, 'CG_iters': 3, 'PGD_iters': 3, 'mu_u_init': 3, 'mu_d1_init': 3, 'mu_d2_init': 3}
2024-12-16 10:39:35,301 - graph info: nodes 307, edges 680
2024-12-16 10:39:35,301 - --------BEGIN TRAINING PROCESS------------
2024-12-16 10:40:10,977 - #################################################
2024-12-16 10:40:10,977 - pretrained path: None
2024-12-16 10:40:10,978 - learning k hop: 2
2024-12-16 10:40:10,978 - batch size: 8
2024-12-16 10:40:10,978 - learning rate: 0.001
2024-12-16 10:40:10,978 - Loss function: MSE
2024-12-16 10:40:10,978 - Total parameters: 11545
2024-12-16 10:40:10,978 - device: cuda:0
2024-12-16 10:40:10,979 - PARAMTER SETTINGS:
2024-12-16 10:40:10,979 - ADMM info: {'ADMM_iters': 24, 'CG_iters': 3, 'PGD_iters': 3, 'mu_u_init': 3, 'mu_d1_init': 3, 'mu_d2_init': 3}
2024-12-16 10:40:10,979 - graph info: nodes 307, edges 680
2024-12-16 10:40:10,979 - --------BEGIN TRAINING PROCESS------------
2024-12-16 14:12:46,649 - #################################################
2024-12-16 14:12:46,649 - pretrained path: None
2024-12-16 14:12:46,652 - learning k hop: 2
2024-12-16 14:12:46,652 - batch size: 8
2024-12-16 14:12:46,652 - learning rate: 0.001
2024-12-16 14:12:46,652 - Loss function: MSE
2024-12-16 14:12:46,652 - Total parameters: 11545
2024-12-16 14:12:46,652 - device: cuda:0
2024-12-16 14:12:46,652 - PARAMTER SETTINGS:
2024-12-16 14:12:46,652 - ADMM info: {'ADMM_iters': 24, 'CG_iters': 3, 'PGD_iters': 3, 'mu_u_init': 3, 'mu_d1_init': 3, 'mu_d2_init': 3}
2024-12-16 14:12:46,653 - graph info: nodes 307, edges 680
2024-12-16 14:12:46,653 - --------BEGIN TRAINING PROCESS------------
2024-12-16 14:14:25,046 - #################################################
2024-12-16 14:14:25,047 - pretrained path: None
2024-12-16 14:14:25,047 - learning k hop: 2
2024-12-16 14:14:25,047 - batch size: 8
2024-12-16 14:14:25,047 - learning rate: 0.001
2024-12-16 14:14:25,047 - Loss function: MSE
2024-12-16 14:14:25,048 - Total parameters: 11545
2024-12-16 14:14:25,048 - device: cuda:0
2024-12-16 14:14:25,048 - PARAMTER SETTINGS:
2024-12-16 14:14:25,048 - ADMM info: {'ADMM_iters': 24, 'CG_iters': 3, 'PGD_iters': 3, 'mu_u_init': 3, 'mu_d1_init': 3, 'mu_d2_init': 3}
2024-12-16 14:14:25,048 - graph info: nodes 307, edges 680
2024-12-16 14:14:25,048 - --------BEGIN TRAINING PROCESS------------
2024-12-16 14:15:58,491 - #################################################
2024-12-16 14:15:58,491 - pretrained path: None
2024-12-16 14:15:58,492 - learning k hop: 2
2024-12-16 14:15:58,492 - batch size: 8
2024-12-16 14:15:58,492 - learning rate: 0.001
2024-12-16 14:15:58,492 - Loss function: MSE
2024-12-16 14:15:58,492 - Total parameters: 11545
2024-12-16 14:15:58,492 - device: cuda:0
2024-12-16 14:15:58,493 - PARAMTER SETTINGS:
2024-12-16 14:15:58,493 - ADMM info: {'ADMM_iters': 24, 'CG_iters': 3, 'PGD_iters': 3, 'mu_u_init': 3, 'mu_d1_init': 3, 'mu_d2_init': 3}
2024-12-16 14:15:58,493 - graph info: nodes 307, edges 680
2024-12-16 14:15:58,493 - --------BEGIN TRAINING PROCESS------------
2024-12-16 14:17:48,596 - #################################################
2024-12-16 14:17:48,597 - pretrained path: None
2024-12-16 14:17:48,597 - learning k hop: 2
2024-12-16 14:17:48,597 - batch size: 8
2024-12-16 14:17:48,597 - learning rate: 0.001
2024-12-16 14:17:48,597 - Loss function: MSE
2024-12-16 14:17:48,597 - Total parameters: 11545
2024-12-16 14:17:48,597 - device: cuda:0
2024-12-16 14:17:48,597 - PARAMTER SETTINGS:
2024-12-16 14:17:48,598 - ADMM info: {'ADMM_iters': 24, 'CG_iters': 3, 'PGD_iters': 3, 'mu_u_init': 3, 'mu_d1_init': 3, 'mu_d2_init': 3}
2024-12-16 14:17:48,598 - graph info: nodes 307, edges 680
2024-12-16 14:17:48,598 - --------BEGIN TRAINING PROCESS------------
2024-12-16 14:18:17,565 - #################################################
2024-12-16 14:18:17,566 - pretrained path: None
2024-12-16 14:18:17,566 - learning k hop: 2
2024-12-16 14:18:17,566 - batch size: 8
2024-12-16 14:18:17,566 - learning rate: 0.001
2024-12-16 14:18:17,566 - Loss function: MSE
2024-12-16 14:18:17,566 - Total parameters: 11545
2024-12-16 14:18:17,567 - device: cuda:0
2024-12-16 14:18:17,567 - PARAMTER SETTINGS:
2024-12-16 14:18:17,567 - ADMM info: {'ADMM_iters': 24, 'CG_iters': 3, 'PGD_iters': 3, 'mu_u_init': 3, 'mu_d1_init': 3, 'mu_d2_init': 3}
2024-12-16 14:18:17,567 - graph info: nodes 307, edges 680
2024-12-16 14:18:17,567 - --------BEGIN TRAINING PROCESS------------
2024-12-16 14:19:44,941 - #################################################
2024-12-16 14:19:44,941 - pretrained path: None
2024-12-16 14:19:44,941 - learning k hop: 2
2024-12-16 14:19:44,941 - batch size: 8
2024-12-16 14:19:44,942 - learning rate: 0.001
2024-12-16 14:19:44,942 - Loss function: MSE
2024-12-16 14:19:44,942 - Total parameters: 11545
2024-12-16 14:19:44,942 - device: cuda:0
2024-12-16 14:19:44,942 - PARAMTER SETTINGS:
2024-12-16 14:19:44,943 - ADMM info: {'ADMM_iters': 24, 'CG_iters': 3, 'PGD_iters': 3, 'mu_u_init': 3, 'mu_d1_init': 3, 'mu_d2_init': 3}
2024-12-16 14:19:44,943 - graph info: nodes 307, edges 680
2024-12-16 14:19:44,943 - --------BEGIN TRAINING PROCESS------------
2024-12-16 14:20:36,643 - #################################################
2024-12-16 14:20:36,643 - pretrained path: None
2024-12-16 14:20:36,644 - learning k hop: 2
2024-12-16 14:20:36,644 - batch size: 8
2024-12-16 14:20:36,644 - learning rate: 0.001
2024-12-16 14:20:36,644 - Loss function: MSE
2024-12-16 14:20:36,644 - Total parameters: 11545
2024-12-16 14:20:36,644 - device: cuda:0
2024-12-16 14:20:36,645 - PARAMTER SETTINGS:
2024-12-16 14:20:36,645 - ADMM info: {'ADMM_iters': 24, 'CG_iters': 3, 'PGD_iters': 3, 'mu_u_init': 3, 'mu_d1_init': 3, 'mu_d2_init': 3}
2024-12-16 14:20:36,645 - graph info: nodes 307, edges 680
2024-12-16 14:20:36,645 - --------BEGIN TRAINING PROCESS------------
2024-12-16 14:23:00,475 - #################################################
2024-12-16 14:23:00,476 - pretrained path: None
2024-12-16 14:23:00,476 - learning k hop: 2
2024-12-16 14:23:00,476 - batch size: 8
2024-12-16 14:23:00,476 - learning rate: 0.001
2024-12-16 14:23:00,476 - Loss function: MSE
2024-12-16 14:23:00,477 - Total parameters: 11545
2024-12-16 14:23:00,477 - device: cuda:0
2024-12-16 14:23:00,477 - PARAMTER SETTINGS:
2024-12-16 14:23:00,477 - ADMM info: {'ADMM_iters': 24, 'CG_iters': 3, 'PGD_iters': 3, 'mu_u_init': 3, 'mu_d1_init': 3, 'mu_d2_init': 3}
2024-12-16 14:23:00,477 - graph info: nodes 307, edges 680
2024-12-16 14:23:00,477 - --------BEGIN TRAINING PROCESS------------
2024-12-16 14:24:28,950 - #################################################
2024-12-16 14:24:28,951 - pretrained path: None
2024-12-16 14:24:28,951 - learning k hop: 5
2024-12-16 14:24:28,951 - batch size: 8
2024-12-16 14:24:28,955 - learning rate: 0.001
2024-12-16 14:24:28,955 - Loss function: MSE
2024-12-16 14:24:28,955 - Total parameters: 11545
2024-12-16 14:24:28,956 - device: cuda:0
2024-12-16 14:24:28,956 - PARAMTER SETTINGS:
2024-12-16 14:24:28,956 - ADMM info: {'ADMM_iters': 24, 'CG_iters': 3, 'PGD_iters': 3, 'mu_u_init': 3, 'mu_d1_init': 3, 'mu_d2_init': 3}
2024-12-16 14:24:28,956 - graph info: nodes 307, edges 680
2024-12-16 14:24:28,956 - --------BEGIN TRAINING PROCESS------------
2024-12-16 14:25:18,117 - #################################################
2024-12-16 14:25:18,118 - pretrained path: None
2024-12-16 14:25:18,118 - learning k hop: 5
2024-12-16 14:25:18,118 - batch size: 8
2024-12-16 14:25:18,118 - learning rate: 0.001
2024-12-16 14:25:18,118 - Loss function: MSE
2024-12-16 14:25:18,118 - Total parameters: 11545
2024-12-16 14:25:18,118 - device: cuda:0
2024-12-16 14:25:18,118 - PARAMTER SETTINGS:
2024-12-16 14:25:18,119 - ADMM info: {'ADMM_iters': 24, 'CG_iters': 3, 'PGD_iters': 3, 'mu_u_init': 3, 'mu_d1_init': 3, 'mu_d2_init': 3}
2024-12-16 14:25:18,119 - graph info: nodes 307, edges 680
2024-12-16 14:25:18,119 - --------BEGIN TRAINING PROCESS------------
2024-12-16 14:27:21,881 - #################################################
2024-12-16 14:27:21,881 - pretrained path: None
2024-12-16 14:27:21,881 - learning k hop: 5
2024-12-16 14:27:21,882 - batch size: 8
2024-12-16 14:27:21,882 - learning rate: 0.001
2024-12-16 14:27:21,882 - Loss function: MSE
2024-12-16 14:27:21,882 - Total parameters: 11545
2024-12-16 14:27:21,882 - device: cuda:0
2024-12-16 14:27:21,882 - PARAMTER SETTINGS:
2024-12-16 14:27:21,882 - ADMM info: {'ADMM_iters': 24, 'CG_iters': 3, 'PGD_iters': 3, 'mu_u_init': 3, 'mu_d1_init': 3, 'mu_d2_init': 3}
2024-12-16 14:27:21,883 - graph info: nodes 307, edges 680
2024-12-16 14:27:21,883 - --------BEGIN TRAINING PROCESS------------
2024-12-16 14:29:36,655 - #################################################
2024-12-16 14:29:36,656 - pretrained path: None
2024-12-16 14:29:36,656 - learning k hop: 5
2024-12-16 14:29:36,656 - batch size: 8
2024-12-16 14:29:36,656 - learning rate: 0.001
2024-12-16 14:29:36,656 - Loss function: MSE
2024-12-16 14:29:36,656 - Total parameters: 11545
2024-12-16 14:29:36,656 - device: cuda:0
2024-12-16 14:29:36,656 - PARAMTER SETTINGS:
2024-12-16 14:29:36,656 - ADMM info: {'ADMM_iters': 24, 'CG_iters': 3, 'PGD_iters': 3, 'mu_u_init': 3, 'mu_d1_init': 3, 'mu_d2_init': 3}
2024-12-16 14:29:36,657 - graph info: nodes 307, edges 680
2024-12-16 14:29:36,657 - --------BEGIN TRAINING PROCESS------------
2024-12-16 14:31:03,517 - #################################################
2024-12-16 14:31:03,518 - pretrained path: None
2024-12-16 14:31:03,518 - learning k hop: 5
2024-12-16 14:31:03,518 - batch size: 8
2024-12-16 14:31:03,518 - learning rate: 0.001
2024-12-16 14:31:03,519 - Loss function: MSE
2024-12-16 14:31:03,519 - Total parameters: 11545
2024-12-16 14:31:03,519 - device: cuda:0
2024-12-16 14:31:03,519 - PARAMTER SETTINGS:
2024-12-16 14:31:03,519 - ADMM info: {'ADMM_iters': 24, 'CG_iters': 3, 'PGD_iters': 3, 'mu_u_init': 3, 'mu_d1_init': 3, 'mu_d2_init': 3}
2024-12-16 14:31:03,519 - graph info: nodes 307, edges 680
2024-12-16 14:31:03,520 - --------BEGIN TRAINING PROCESS------------
2024-12-16 14:31:34,937 - #################################################
2024-12-16 14:31:34,937 - pretrained path: None
2024-12-16 14:31:34,937 - learning k hop: 5
2024-12-16 14:31:34,937 - batch size: 8
2024-12-16 14:31:34,938 - learning rate: 0.001
2024-12-16 14:31:34,938 - Loss function: MSE
2024-12-16 14:31:34,938 - Total parameters: 11545
2024-12-16 14:31:34,938 - device: cuda:0
2024-12-16 14:31:34,939 - PARAMTER SETTINGS:
2024-12-16 14:31:34,939 - ADMM info: {'ADMM_iters': 24, 'CG_iters': 3, 'PGD_iters': 3, 'mu_u_init': 3, 'mu_d1_init': 3, 'mu_d2_init': 3}
2024-12-16 14:31:34,939 - graph info: nodes 307, edges 680
2024-12-16 14:31:34,939 - --------BEGIN TRAINING PROCESS------------
2024-12-16 14:32:02,926 - #################################################
2024-12-16 14:32:02,927 - pretrained path: None
2024-12-16 14:32:02,928 - learning k hop: 5
2024-12-16 14:32:02,928 - batch size: 8
2024-12-16 14:32:02,928 - learning rate: 0.001
2024-12-16 14:32:02,928 - Loss function: MSE
2024-12-16 14:32:02,928 - Total parameters: 11545
2024-12-16 14:32:02,929 - device: cuda:0
2024-12-16 14:32:02,929 - PARAMTER SETTINGS:
2024-12-16 14:32:02,929 - ADMM info: {'ADMM_iters': 24, 'CG_iters': 3, 'PGD_iters': 3, 'mu_u_init': 3, 'mu_d1_init': 3, 'mu_d2_init': 3}
2024-12-16 14:32:02,929 - graph info: nodes 307, edges 680
2024-12-16 14:32:02,929 - --------BEGIN TRAINING PROCESS------------
2024-12-16 14:34:40,582 - #################################################
2024-12-16 14:34:40,582 - pretrained path: None
2024-12-16 14:34:40,583 - learning k hop: 5
2024-12-16 14:34:40,583 - batch size: 8
2024-12-16 14:34:40,583 - learning rate: 0.001
2024-12-16 14:34:40,583 - Loss function: MSE
2024-12-16 14:34:40,583 - Total parameters: 11545
2024-12-16 14:34:40,583 - device: cuda:0
2024-12-16 14:34:40,583 - PARAMTER SETTINGS:
2024-12-16 14:34:40,584 - ADMM info: {'ADMM_iters': 24, 'CG_iters': 3, 'PGD_iters': 3, 'mu_u_init': 3, 'mu_d1_init': 3, 'mu_d2_init': 3}
2024-12-16 14:34:40,584 - graph info: nodes 307, edges 680
2024-12-16 14:34:40,584 - --------BEGIN TRAINING PROCESS------------
2024-12-16 14:38:20,212 - #################################################
2024-12-16 14:38:20,213 - pretrained path: None
2024-12-16 14:38:20,213 - learning k hop: 5
2024-12-16 14:38:20,213 - batch size: 8
2024-12-16 14:38:20,213 - learning rate: 0.001
2024-12-16 14:38:20,213 - Loss function: MSE
2024-12-16 14:38:20,214 - Total parameters: 11545
2024-12-16 14:38:20,214 - device: cuda:0
2024-12-16 14:38:20,214 - PARAMTER SETTINGS:
2024-12-16 14:38:20,214 - ADMM info: {'ADMM_iters': 24, 'CG_iters': 3, 'PGD_iters': 3, 'mu_u_init': 3, 'mu_d1_init': 3, 'mu_d2_init': 3}
2024-12-16 14:38:20,214 - graph info: nodes 307, edges 680
2024-12-16 14:38:20,214 - --------BEGIN TRAINING PROCESS------------
2024-12-16 14:39:43,777 - #################################################
2024-12-16 14:39:43,778 - pretrained path: None
2024-12-16 14:39:43,778 - learning k hop: 5
2024-12-16 14:39:43,778 - batch size: 8
2024-12-16 14:39:43,778 - learning rate: 0.002
2024-12-16 14:39:43,779 - Loss function: MSE
2024-12-16 14:39:43,779 - Total parameters: 11545
2024-12-16 14:39:43,779 - device: cuda:0
2024-12-16 14:39:43,779 - PARAMTER SETTINGS:
2024-12-16 14:39:43,779 - ADMM info: {'ADMM_iters': 24, 'CG_iters': 3, 'PGD_iters': 3, 'mu_u_init': 3, 'mu_d1_init': 3, 'mu_d2_init': 3}
2024-12-16 14:39:43,779 - graph info: nodes 307, edges 680
2024-12-16 14:39:43,779 - --------BEGIN TRAINING PROCESS------------
2024-12-17 19:08:17,916 - #################################################
2024-12-17 19:08:17,916 - pretrained path: None
2024-12-17 19:08:17,960 - learning k hop: 5
2024-12-17 19:08:17,960 - batch size: 8
2024-12-17 19:08:17,960 - learning rate: 0.002
2024-12-17 19:08:17,961 - Loss function: MSE
2024-12-17 19:08:17,961 - Total parameters: 11545
2024-12-17 19:08:17,961 - device: cuda:1
2024-12-17 19:08:17,961 - PARAMTER SETTINGS:
2024-12-17 19:08:17,961 - ADMM info: {'ADMM_iters': 24, 'CG_iters': 3, 'PGD_iters': 3, 'mu_u_init': 3, 'mu_d1_init': 3, 'mu_d2_init': 3}
2024-12-17 19:08:17,962 - graph info: nodes 307, edges 680
2024-12-17 19:08:17,962 - --------BEGIN TRAINING PROCESS------------
2024-12-17 19:08:35,527 - #################################################
2024-12-17 19:08:35,528 - pretrained path: None
2024-12-17 19:08:35,528 - learning k hop: 5
2024-12-17 19:08:35,528 - batch size: 8
2024-12-17 19:08:35,528 - learning rate: 0.002
2024-12-17 19:08:35,528 - Loss function: MSE
2024-12-17 19:08:35,528 - Total parameters: 11545
2024-12-17 19:08:35,528 - device: cuda:1
2024-12-17 19:08:35,529 - PARAMTER SETTINGS:
2024-12-17 19:08:35,529 - ADMM info: {'ADMM_iters': 24, 'CG_iters': 3, 'PGD_iters': 3, 'mu_u_init': 3, 'mu_d1_init': 3, 'mu_d2_init': 3}
2024-12-17 19:08:35,529 - graph info: nodes 307, edges 680
2024-12-17 19:08:35,529 - --------BEGIN TRAINING PROCESS------------
2024-12-17 19:09:42,852 - #################################################
2024-12-17 19:09:42,852 - pretrained path: None
2024-12-17 19:09:42,853 - learning k hop: 5
2024-12-17 19:09:42,853 - batch size: 8
2024-12-17 19:09:42,853 - learning rate: 0.002
2024-12-17 19:09:42,853 - Loss function: MSE
2024-12-17 19:09:42,854 - Total parameters: 11545
2024-12-17 19:09:42,854 - device: cuda:1
2024-12-17 19:09:42,854 - PARAMTER SETTINGS:
2024-12-17 19:09:42,854 - ADMM info: {'ADMM_iters': 24, 'CG_iters': 3, 'PGD_iters': 3, 'mu_u_init': 3, 'mu_d1_init': 3, 'mu_d2_init': 3}
2024-12-17 19:09:42,854 - graph info: nodes 307, edges 680
2024-12-17 19:09:42,854 - --------BEGIN TRAINING PROCESS------------
2024-12-17 19:10:35,714 - #################################################
2024-12-17 19:10:35,714 - pretrained path: None
2024-12-17 19:10:35,715 - learning k hop: 5
2024-12-17 19:10:35,715 - batch size: 8
2024-12-17 19:10:35,715 - learning rate: 0.002
2024-12-17 19:10:35,715 - Loss function: MSE
2024-12-17 19:10:35,715 - Total parameters: 11545
2024-12-17 19:10:35,715 - device: cuda:1
2024-12-17 19:10:35,715 - PARAMTER SETTINGS:
2024-12-17 19:10:35,716 - ADMM info: {'ADMM_iters': 24, 'CG_iters': 3, 'PGD_iters': 3, 'mu_u_init': 3, 'mu_d1_init': 3, 'mu_d2_init': 3}
2024-12-17 19:10:35,716 - graph info: nodes 307, edges 680
2024-12-17 19:10:35,716 - --------BEGIN TRAINING PROCESS------------
2024-12-17 19:11:04,182 - #################################################
2024-12-17 19:11:04,183 - pretrained path: None
2024-12-17 19:11:04,183 - learning k hop: 5
2024-12-17 19:11:04,183 - batch size: 8
2024-12-17 19:11:04,183 - learning rate: 0.002
2024-12-17 19:11:04,184 - Loss function: MSE
2024-12-17 19:11:04,184 - Total parameters: 11545
2024-12-17 19:11:04,184 - device: cuda:1
2024-12-17 19:11:04,184 - PARAMTER SETTINGS:
2024-12-17 19:11:04,184 - ADMM info: {'ADMM_iters': 24, 'CG_iters': 3, 'PGD_iters': 3, 'mu_u_init': 3, 'mu_d1_init': 3, 'mu_d2_init': 3}
2024-12-17 19:11:04,184 - graph info: nodes 307, edges 680
2024-12-17 19:11:04,184 - --------BEGIN TRAINING PROCESS------------
2024-12-17 19:11:47,155 - #################################################
2024-12-17 19:11:47,155 - pretrained path: None
2024-12-17 19:11:47,156 - learning k hop: 5
2024-12-17 19:11:47,156 - batch size: 8
2024-12-17 19:11:47,156 - learning rate: 0.002
2024-12-17 19:11:47,156 - Loss function: MSE
2024-12-17 19:11:47,156 - Total parameters: 11545
2024-12-17 19:11:47,156 - device: cuda:1
2024-12-17 19:11:47,156 - PARAMTER SETTINGS:
2024-12-17 19:11:47,157 - ADMM info: {'ADMM_iters': 24, 'CG_iters': 3, 'PGD_iters': 3, 'mu_u_init': 3, 'mu_d1_init': 3, 'mu_d2_init': 3}
2024-12-17 19:11:47,157 - graph info: nodes 307, edges 680
2024-12-17 19:11:47,157 - --------BEGIN TRAINING PROCESS------------
2024-12-17 19:13:49,694 - #################################################
2024-12-17 19:13:49,694 - pretrained path: None
2024-12-17 19:13:49,695 - learning k hop: 5
2024-12-17 19:13:49,695 - batch size: 8
2024-12-17 19:13:49,695 - learning rate: 0.002
2024-12-17 19:13:49,695 - Loss function: MSE
2024-12-17 19:13:49,696 - Total parameters: 11545
2024-12-17 19:13:49,696 - device: cuda:1
2024-12-17 19:13:49,696 - PARAMTER SETTINGS:
2024-12-17 19:13:49,696 - ADMM info: {'ADMM_iters': 24, 'CG_iters': 3, 'PGD_iters': 3, 'mu_u_init': 3, 'mu_d1_init': 3, 'mu_d2_init': 3}
2024-12-17 19:13:49,697 - graph info: nodes 307, edges 680
2024-12-17 19:13:49,697 - --------BEGIN TRAINING PROCESS------------
2024-12-17 19:14:26,158 - #################################################
2024-12-17 19:14:26,158 - pretrained path: None
2024-12-17 19:14:26,159 - learning k hop: 5
2024-12-17 19:14:26,159 - batch size: 8
2024-12-17 19:14:26,159 - learning rate: 0.002
2024-12-17 19:14:26,159 - Loss function: MSE
2024-12-17 19:14:26,159 - Total parameters: 11545
2024-12-17 19:14:26,159 - device: cuda:1
2024-12-17 19:14:26,160 - PARAMTER SETTINGS:
2024-12-17 19:14:26,160 - ADMM info: {'ADMM_iters': 24, 'CG_iters': 3, 'PGD_iters': 3, 'mu_u_init': 3, 'mu_d1_init': 3, 'mu_d2_init': 3}
2024-12-17 19:14:26,160 - graph info: nodes 307, edges 680
2024-12-17 19:14:26,164 - --------BEGIN TRAINING PROCESS------------
2024-12-17 19:14:56,834 - #################################################
2024-12-17 19:14:56,834 - pretrained path: None
2024-12-17 19:14:56,834 - learning k hop: 5
2024-12-17 19:14:56,834 - batch size: 8
2024-12-17 19:14:56,835 - learning rate: 0.002
2024-12-17 19:14:56,835 - Loss function: MSE
2024-12-17 19:14:56,835 - Total parameters: 11545
2024-12-17 19:14:56,835 - device: cuda:1
2024-12-17 19:14:56,835 - PARAMTER SETTINGS:
2024-12-17 19:14:56,835 - ADMM info: {'ADMM_iters': 24, 'CG_iters': 3, 'PGD_iters': 3, 'mu_u_init': 3, 'mu_d1_init': 3, 'mu_d2_init': 3}
2024-12-17 19:14:56,836 - graph info: nodes 307, edges 680
2024-12-17 19:14:56,836 - --------BEGIN TRAINING PROCESS------------
2024-12-17 19:16:52,640 - #################################################
2024-12-17 19:16:52,640 - pretrained path: None
2024-12-17 19:16:52,640 - learning k hop: 5
2024-12-17 19:16:52,640 - batch size: 8
2024-12-17 19:16:52,640 - learning rate: 0.002
2024-12-17 19:16:52,641 - Loss function: MSE
2024-12-17 19:16:52,641 - Total parameters: 11545
2024-12-17 19:16:52,641 - device: cuda:1
2024-12-17 19:16:52,641 - PARAMTER SETTINGS:
2024-12-17 19:16:52,641 - ADMM info: {'ADMM_iters': 24, 'CG_iters': 3, 'PGD_iters': 3, 'mu_u_init': 3, 'mu_d1_init': 3, 'mu_d2_init': 3}
2024-12-17 19:16:52,641 - graph info: nodes 307, edges 680
2024-12-17 19:16:52,642 - --------BEGIN TRAINING PROCESS------------
2024-12-17 19:17:25,564 - #################################################
2024-12-17 19:17:25,564 - pretrained path: None
2024-12-17 19:17:25,565 - learning k hop: 5
2024-12-17 19:17:25,565 - batch size: 8
2024-12-17 19:17:25,565 - learning rate: 0.002
2024-12-17 19:17:25,565 - Loss function: MSE
2024-12-17 19:17:25,565 - Total parameters: 11545
2024-12-17 19:17:25,565 - device: cuda:1
2024-12-17 19:17:25,566 - PARAMTER SETTINGS:
2024-12-17 19:17:25,566 - ADMM info: {'ADMM_iters': 24, 'CG_iters': 3, 'PGD_iters': 3, 'mu_u_init': 3, 'mu_d1_init': 3, 'mu_d2_init': 3}
2024-12-17 19:17:25,566 - graph info: nodes 307, edges 680
2024-12-17 19:17:25,566 - --------BEGIN TRAINING PROCESS------------
2024-12-17 19:18:10,375 - #################################################
2024-12-17 19:18:10,376 - pretrained path: None
2024-12-17 19:18:10,376 - learning k hop: 5
2024-12-17 19:18:10,376 - batch size: 8
2024-12-17 19:18:10,376 - learning rate: 0.002
2024-12-17 19:18:10,376 - Loss function: MSE
2024-12-17 19:18:10,376 - Total parameters: 11545
2024-12-17 19:18:10,376 - device: cuda:1
2024-12-17 19:18:10,377 - PARAMTER SETTINGS:
2024-12-17 19:18:10,377 - ADMM info: {'ADMM_iters': 24, 'CG_iters': 3, 'PGD_iters': 3, 'mu_u_init': 3, 'mu_d1_init': 3, 'mu_d2_init': 3}
2024-12-17 19:18:10,377 - graph info: nodes 307, edges 680
2024-12-17 19:18:10,377 - --------BEGIN TRAINING PROCESS------------
2024-12-17 19:18:28,423 - #################################################
2024-12-17 19:18:28,423 - pretrained path: None
2024-12-17 19:18:28,424 - learning k hop: 5
2024-12-17 19:18:28,424 - batch size: 8
2024-12-17 19:18:28,424 - learning rate: 0.002
2024-12-17 19:18:28,424 - Loss function: MSE
2024-12-17 19:18:28,424 - Total parameters: 11545
2024-12-17 19:18:28,424 - device: cuda:1
2024-12-17 19:18:28,424 - PARAMTER SETTINGS:
2024-12-17 19:18:28,425 - ADMM info: {'ADMM_iters': 24, 'CG_iters': 3, 'PGD_iters': 3, 'mu_u_init': 3, 'mu_d1_init': 3, 'mu_d2_init': 3}
2024-12-17 19:18:28,425 - graph info: nodes 307, edges 680
2024-12-17 19:18:28,425 - --------BEGIN TRAINING PROCESS------------
2024-12-17 19:19:02,738 - #################################################
2024-12-17 19:19:02,739 - pretrained path: None
2024-12-17 19:19:02,739 - learning k hop: 5
2024-12-17 19:19:02,739 - batch size: 8
2024-12-17 19:19:02,739 - learning rate: 0.002
2024-12-17 19:19:02,739 - Loss function: MSE
2024-12-17 19:19:02,740 - Total parameters: 11545
2024-12-17 19:19:02,740 - device: cuda:1
2024-12-17 19:19:02,740 - PARAMTER SETTINGS:
2024-12-17 19:19:02,740 - ADMM info: {'ADMM_iters': 24, 'CG_iters': 3, 'PGD_iters': 3, 'mu_u_init': 3, 'mu_d1_init': 3, 'mu_d2_init': 3}
2024-12-17 19:19:02,740 - graph info: nodes 307, edges 680
2024-12-17 19:19:02,741 - --------BEGIN TRAINING PROCESS------------
2024-12-17 19:21:08,660 - #################################################
2024-12-17 19:21:08,661 - pretrained path: None
2024-12-17 19:21:08,661 - learning k hop: 5
2024-12-17 19:21:08,661 - batch size: 8
2024-12-17 19:21:08,661 - learning rate: 0.002
2024-12-17 19:21:08,661 - Loss function: MSE
2024-12-17 19:21:08,661 - Total parameters: 11545
2024-12-17 19:21:08,661 - device: cuda:1
2024-12-17 19:21:08,661 - PARAMTER SETTINGS:
2024-12-17 19:21:08,662 - ADMM info: {'ADMM_iters': 24, 'CG_iters': 3, 'PGD_iters': 3, 'mu_u_init': 3, 'mu_d1_init': 3, 'mu_d2_init': 3}
2024-12-17 19:21:08,662 - graph info: nodes 307, edges 680
2024-12-17 19:21:08,662 - --------BEGIN TRAINING PROCESS------------
2024-12-17 19:21:20,412 - #################################################
2024-12-17 19:21:20,413 - pretrained path: None
2024-12-17 19:21:20,413 - learning k hop: 5
2024-12-17 19:21:20,413 - batch size: 8
2024-12-17 19:21:20,413 - learning rate: 0.002
2024-12-17 19:21:20,413 - Loss function: MSE
2024-12-17 19:21:20,413 - Total parameters: 11545
2024-12-17 19:21:20,413 - device: cuda:1
2024-12-17 19:21:20,413 - PARAMTER SETTINGS:
2024-12-17 19:21:20,414 - ADMM info: {'ADMM_iters': 24, 'CG_iters': 3, 'PGD_iters': 3, 'mu_u_init': 3, 'mu_d1_init': 3, 'mu_d2_init': 3}
2024-12-17 19:21:20,414 - graph info: nodes 307, edges 680
2024-12-17 19:21:20,414 - --------BEGIN TRAINING PROCESS------------
2024-12-17 19:24:24,217 - #################################################
2024-12-17 19:24:24,217 - pretrained path: None
2024-12-17 19:24:24,217 - learning k hop: 5
2024-12-17 19:24:24,217 - batch size: 8
2024-12-17 19:24:24,218 - learning rate: 0.002
2024-12-17 19:24:24,218 - Loss function: MSE
2024-12-17 19:24:24,218 - Total parameters: 11545
2024-12-17 19:24:24,218 - device: cuda:1
2024-12-17 19:24:24,219 - PARAMTER SETTINGS:
2024-12-17 19:24:24,219 - ADMM info: {'ADMM_iters': 24, 'CG_iters': 3, 'PGD_iters': 3, 'mu_u_init': 3, 'mu_d1_init': 3, 'mu_d2_init': 3}
2024-12-17 19:24:24,219 - graph info: nodes 307, edges 680
2024-12-17 19:24:24,219 - --------BEGIN TRAINING PROCESS------------
2024-12-17 19:24:43,032 - #################################################
2024-12-17 19:24:43,032 - pretrained path: None
2024-12-17 19:24:43,033 - learning k hop: 5
2024-12-17 19:24:43,033 - batch size: 8
2024-12-17 19:24:43,033 - learning rate: 0.002
2024-12-17 19:24:43,033 - Loss function: MSE
2024-12-17 19:24:43,034 - Total parameters: 11545
2024-12-17 19:24:43,034 - device: cuda:1
2024-12-17 19:24:43,034 - PARAMTER SETTINGS:
2024-12-17 19:24:43,034 - ADMM info: {'ADMM_iters': 24, 'CG_iters': 3, 'PGD_iters': 3, 'mu_u_init': 3, 'mu_d1_init': 3, 'mu_d2_init': 3}
2024-12-17 19:24:43,034 - graph info: nodes 307, edges 680
2024-12-17 19:24:43,034 - --------BEGIN TRAINING PROCESS------------
2024-12-17 19:27:25,392 - #################################################
2024-12-17 19:27:25,392 - pretrained path: None
2024-12-17 19:27:25,393 - learning k hop: 5
2024-12-17 19:27:25,393 - batch size: 8
2024-12-17 19:27:25,393 - learning rate: 0.002
2024-12-17 19:27:25,393 - Loss function: MSE
2024-12-17 19:27:25,394 - Total parameters: 11545
2024-12-17 19:27:25,394 - device: cuda:1
2024-12-17 19:27:25,394 - PARAMTER SETTINGS:
2024-12-17 19:27:25,394 - ADMM info: {'ADMM_iters': 24, 'CG_iters': 3, 'PGD_iters': 3, 'mu_u_init': 3, 'mu_d1_init': 3, 'mu_d2_init': 3}
2024-12-17 19:27:25,395 - graph info: nodes 307, edges 680
2024-12-17 19:27:25,395 - --------BEGIN TRAINING PROCESS------------
2024-12-17 19:27:50,515 - #################################################
2024-12-17 19:27:50,515 - pretrained path: None
2024-12-17 19:27:50,515 - learning k hop: 5
2024-12-17 19:27:50,516 - batch size: 8
2024-12-17 19:27:50,516 - learning rate: 0.002
2024-12-17 19:27:50,516 - Loss function: MSE
2024-12-17 19:27:50,516 - Total parameters: 11545
2024-12-17 19:27:50,516 - device: cuda:1
2024-12-17 19:27:50,518 - PARAMTER SETTINGS:
2024-12-17 19:27:50,518 - ADMM info: {'ADMM_iters': 24, 'CG_iters': 3, 'PGD_iters': 3, 'mu_u_init': 3, 'mu_d1_init': 3, 'mu_d2_init': 3}
2024-12-17 19:27:50,519 - graph info: nodes 307, edges 680
2024-12-17 19:27:50,519 - --------BEGIN TRAINING PROCESS------------
2024-12-17 19:37:36,801 - #################################################
2024-12-17 19:37:36,801 - pretrained path: None
2024-12-17 19:37:36,801 - learning k hop: 5
2024-12-17 19:37:36,801 - batch size: 8
2024-12-17 19:37:36,801 - learning rate: 0.002
2024-12-17 19:37:36,802 - Loss function: MSE
2024-12-17 19:37:36,802 - Total parameters: 11545
2024-12-17 19:37:36,802 - device: cuda:1
2024-12-17 19:37:36,802 - PARAMTER SETTINGS:
2024-12-17 19:37:36,802 - ADMM info: {'ADMM_iters': 24, 'CG_iters': 3, 'PGD_iters': 3, 'mu_u_init': 3, 'mu_d1_init': 3, 'mu_d2_init': 3}
2024-12-17 19:37:36,802 - graph info: nodes 307, edges 680
2024-12-17 19:37:36,802 - --------BEGIN TRAINING PROCESS------------
2024-12-17 19:40:29,085 - #################################################
2024-12-17 19:40:29,085 - pretrained path: None
2024-12-17 19:40:29,086 - learning k hop: 5
2024-12-17 19:40:29,086 - batch size: 8
2024-12-17 19:40:29,086 - learning rate: 0.002
2024-12-17 19:40:29,086 - Loss function: MSE
2024-12-17 19:40:29,086 - Total parameters: 11125
2024-12-17 19:40:29,086 - device: cuda:1
2024-12-17 19:40:29,087 - PARAMTER SETTINGS:
2024-12-17 19:40:29,087 - ADMM info: {'ADMM_iters': 24, 'CG_iters': 3, 'PGD_iters': 3, 'mu_u_init': 3, 'mu_d1_init': 3, 'mu_d2_init': 3}
2024-12-17 19:40:29,087 - graph info: nodes 307, edges 680
2024-12-17 19:40:29,087 - --------BEGIN TRAINING PROCESS------------
2024-12-17 19:52:11,393 - #################################################
2024-12-17 19:52:11,393 - pretrained path: None
2024-12-17 19:52:11,393 - learning k hop: 5
2024-12-17 19:52:11,393 - batch size: 8
2024-12-17 19:52:11,393 - learning rate: 0.002
2024-12-17 19:52:11,394 - Loss function: MSE
2024-12-17 19:52:11,394 - Total parameters: 11125
2024-12-17 19:52:11,394 - device: cuda:1
2024-12-17 19:52:11,394 - PARAMTER SETTINGS:
2024-12-17 19:52:11,394 - ADMM info: {'ADMM_iters': 24, 'CG_iters': 3, 'PGD_iters': 3, 'mu_u_init': 3, 'mu_d1_init': 3, 'mu_d2_init': 3}
2024-12-17 19:52:11,395 - graph info: nodes 307, edges 680
2024-12-17 19:52:11,395 - --------BEGIN TRAINING PROCESS------------
2024-12-17 19:52:37,154 - #################################################
2024-12-17 19:52:37,154 - pretrained path: None
2024-12-17 19:52:37,155 - learning k hop: 5
2024-12-17 19:52:37,155 - batch size: 8
2024-12-17 19:52:37,155 - learning rate: 0.002
2024-12-17 19:52:37,156 - Loss function: MSE
2024-12-17 19:52:37,156 - Total parameters: 11125
2024-12-17 19:52:37,156 - device: cuda:1
2024-12-17 19:52:37,157 - PARAMTER SETTINGS:
2024-12-17 19:52:37,157 - ADMM info: {'ADMM_iters': 24, 'CG_iters': 3, 'PGD_iters': 3, 'mu_u_init': 3, 'mu_d1_init': 3, 'mu_d2_init': 3}
2024-12-17 19:52:37,157 - graph info: nodes 307, edges 680
2024-12-17 19:52:37,157 - --------BEGIN TRAINING PROCESS------------
2024-12-17 19:53:17,519 - #################################################
2024-12-17 19:53:17,520 - pretrained path: None
2024-12-17 19:53:17,520 - learning k hop: 5
2024-12-17 19:53:17,520 - batch size: 8
2024-12-17 19:53:17,520 - learning rate: 0.002
2024-12-17 19:53:17,520 - Loss function: MSE
2024-12-17 19:53:17,520 - Total parameters: 11125
2024-12-17 19:53:17,521 - device: cuda:1
2024-12-17 19:53:17,521 - PARAMTER SETTINGS:
2024-12-17 19:53:17,521 - ADMM info: {'ADMM_iters': 24, 'CG_iters': 3, 'PGD_iters': 3, 'mu_u_init': 3, 'mu_d1_init': 3, 'mu_d2_init': 3}
2024-12-17 19:53:17,521 - graph info: nodes 307, edges 680
2024-12-17 19:53:17,521 - --------BEGIN TRAINING PROCESS------------
2024-12-17 19:53:50,543 - #################################################
2024-12-17 19:53:50,543 - pretrained path: None
2024-12-17 19:53:50,544 - learning k hop: 5
2024-12-17 19:53:50,544 - batch size: 8
2024-12-17 19:53:50,544 - learning rate: 0.002
2024-12-17 19:53:50,546 - Loss function: MSE
2024-12-17 19:53:50,546 - Total parameters: 11125
2024-12-17 19:53:50,546 - device: cuda:1
2024-12-17 19:53:50,546 - PARAMTER SETTINGS:
2024-12-17 19:53:50,546 - ADMM info: {'ADMM_iters': 24, 'CG_iters': 3, 'PGD_iters': 3, 'mu_u_init': 3, 'mu_d1_init': 3, 'mu_d2_init': 3}
2024-12-17 19:53:50,546 - graph info: nodes 307, edges 680
2024-12-17 19:53:50,547 - --------BEGIN TRAINING PROCESS------------
2024-12-17 19:54:21,669 - #################################################
2024-12-17 19:54:21,670 - pretrained path: None
2024-12-17 19:54:21,670 - learning k hop: 5
2024-12-17 19:54:21,670 - batch size: 8
2024-12-17 19:54:21,670 - learning rate: 0.002
2024-12-17 19:54:21,672 - Loss function: MSE
2024-12-17 19:54:21,672 - Total parameters: 11125
2024-12-17 19:54:21,673 - device: cuda:1
2024-12-17 19:54:21,673 - PARAMTER SETTINGS:
2024-12-17 19:54:21,673 - ADMM info: {'ADMM_iters': 24, 'CG_iters': 3, 'PGD_iters': 3, 'mu_u_init': 3, 'mu_d1_init': 3, 'mu_d2_init': 3}
2024-12-17 19:54:21,673 - graph info: nodes 307, edges 680
2024-12-17 19:54:21,673 - --------BEGIN TRAINING PROCESS------------
2024-12-17 19:54:36,964 - #################################################
2024-12-17 19:54:36,965 - pretrained path: None
2024-12-17 19:54:36,965 - learning k hop: 5
2024-12-17 19:54:36,965 - batch size: 8
2024-12-17 19:54:36,965 - learning rate: 0.002
2024-12-17 19:54:36,965 - Loss function: MSE
2024-12-17 19:54:36,965 - Total parameters: 11125
2024-12-17 19:54:36,966 - device: cuda:1
2024-12-17 19:54:36,966 - PARAMTER SETTINGS:
2024-12-17 19:54:36,966 - ADMM info: {'ADMM_iters': 24, 'CG_iters': 3, 'PGD_iters': 3, 'mu_u_init': 3, 'mu_d1_init': 3, 'mu_d2_init': 3}
2024-12-17 19:54:36,966 - graph info: nodes 307, edges 680
2024-12-17 19:54:36,966 - --------BEGIN TRAINING PROCESS------------
2024-12-17 19:55:15,369 - #################################################
2024-12-17 19:55:15,369 - pretrained path: None
2024-12-17 19:55:15,369 - learning k hop: 5
2024-12-17 19:55:15,369 - batch size: 8
2024-12-17 19:55:15,370 - learning rate: 0.002
2024-12-17 19:55:15,370 - Loss function: MSE
2024-12-17 19:55:15,370 - Total parameters: 11125
2024-12-17 19:55:15,370 - device: cuda:1
2024-12-17 19:55:15,370 - PARAMTER SETTINGS:
2024-12-17 19:55:15,370 - ADMM info: {'ADMM_iters': 24, 'CG_iters': 3, 'PGD_iters': 3, 'mu_u_init': 3, 'mu_d1_init': 3, 'mu_d2_init': 3}
2024-12-17 19:55:15,371 - graph info: nodes 307, edges 680
2024-12-17 19:55:15,371 - --------BEGIN TRAINING PROCESS------------
2024-12-17 20:15:22,833 - #################################################
2024-12-17 20:15:22,833 - pretrained path: None
2024-12-17 20:15:22,834 - learning k hop: 5
2024-12-17 20:15:22,834 - batch size: 8
2024-12-17 20:15:22,834 - learning rate: 0.002
2024-12-17 20:15:22,834 - Loss function: MSE
2024-12-17 20:15:22,834 - Total parameters: 11125
2024-12-17 20:15:22,834 - device: cuda:1
2024-12-17 20:15:22,835 - PARAMTER SETTINGS:
2024-12-17 20:15:22,835 - ADMM info: {'ADMM_iters': 24, 'CG_iters': 3, 'PGD_iters': 3, 'mu_u_init': 3, 'mu_d1_init': 3, 'mu_d2_init': 3}
2024-12-17 20:15:22,835 - graph info: nodes 307, edges 680
2024-12-17 20:15:22,835 - --------BEGIN TRAINING PROCESS------------
2024-12-17 20:15:50,459 - #################################################
2024-12-17 20:15:50,459 - pretrained path: None
2024-12-17 20:15:50,460 - learning k hop: 5
2024-12-17 20:15:50,460 - batch size: 8
2024-12-17 20:15:50,460 - learning rate: 0.002
2024-12-17 20:15:50,460 - Loss function: MSE
2024-12-17 20:15:50,460 - Total parameters: 11125
2024-12-17 20:15:50,461 - device: cuda:1
2024-12-17 20:15:50,461 - PARAMTER SETTINGS:
2024-12-17 20:15:50,461 - ADMM info: {'ADMM_iters': 24, 'CG_iters': 3, 'PGD_iters': 3, 'mu_u_init': 3, 'mu_d1_init': 3, 'mu_d2_init': 3}
2024-12-17 20:15:50,461 - graph info: nodes 307, edges 680
2024-12-17 20:15:50,462 - --------BEGIN TRAINING PROCESS------------
2024-12-17 20:17:25,568 - #################################################
2024-12-17 20:17:25,568 - pretrained path: None
2024-12-17 20:17:25,569 - learning k hop: 5
2024-12-17 20:17:25,569 - batch size: 8
2024-12-17 20:17:25,569 - learning rate: 0.002
2024-12-17 20:17:25,570 - Loss function: MSE
2024-12-17 20:17:25,570 - Total parameters: 11125
2024-12-17 20:17:25,570 - device: cuda:1
2024-12-17 20:17:25,570 - PARAMTER SETTINGS:
2024-12-17 20:17:25,570 - ADMM info: {'ADMM_iters': 24, 'CG_iters': 3, 'PGD_iters': 3, 'mu_u_init': 3, 'mu_d1_init': 3, 'mu_d2_init': 3}
2024-12-17 20:17:25,570 - graph info: nodes 307, edges 680
2024-12-17 20:17:25,571 - --------BEGIN TRAINING PROCESS------------
2024-12-17 20:17:39,600 - #################################################
2024-12-17 20:17:39,600 - pretrained path: None
2024-12-17 20:17:39,601 - learning k hop: 5
2024-12-17 20:17:39,601 - batch size: 8
2024-12-17 20:17:39,601 - learning rate: 0.002
2024-12-17 20:17:39,601 - Loss function: MSE
2024-12-17 20:17:39,601 - Total parameters: 11125
2024-12-17 20:17:39,601 - device: cuda:1
2024-12-17 20:17:39,602 - PARAMTER SETTINGS:
2024-12-17 20:17:39,602 - ADMM info: {'ADMM_iters': 24, 'CG_iters': 3, 'PGD_iters': 3, 'mu_u_init': 3, 'mu_d1_init': 3, 'mu_d2_init': 3}
2024-12-17 20:17:39,602 - graph info: nodes 307, edges 680
2024-12-17 20:17:39,602 - --------BEGIN TRAINING PROCESS------------
2024-12-17 20:17:50,180 - #################################################
2024-12-17 20:17:50,181 - pretrained path: None
2024-12-17 20:17:50,181 - learning k hop: 5
2024-12-17 20:17:50,181 - batch size: 8
2024-12-17 20:17:50,181 - learning rate: 0.002
2024-12-17 20:17:50,182 - Loss function: MSE
2024-12-17 20:17:50,182 - Total parameters: 11125
2024-12-17 20:17:50,182 - device: cuda:1
2024-12-17 20:17:50,183 - PARAMTER SETTINGS:
2024-12-17 20:17:50,183 - ADMM info: {'ADMM_iters': 24, 'CG_iters': 3, 'PGD_iters': 3, 'mu_u_init': 3, 'mu_d1_init': 3, 'mu_d2_init': 3}
2024-12-17 20:17:50,183 - graph info: nodes 307, edges 680
2024-12-17 20:17:50,183 - --------BEGIN TRAINING PROCESS------------
2024-12-17 20:19:59,787 - #################################################
2024-12-17 20:19:59,787 - pretrained path: None
2024-12-17 20:19:59,788 - learning k hop: 5
2024-12-17 20:19:59,788 - batch size: 8
2024-12-17 20:19:59,788 - learning rate: 0.002
2024-12-17 20:19:59,788 - Loss function: MSE
2024-12-17 20:19:59,788 - Total parameters: 11125
2024-12-17 20:19:59,788 - device: cuda:1
2024-12-17 20:19:59,788 - PARAMTER SETTINGS:
2024-12-17 20:19:59,788 - ADMM info: {'ADMM_iters': 24, 'CG_iters': 3, 'PGD_iters': 3, 'mu_u_init': 3, 'mu_d1_init': 3, 'mu_d2_init': 3}
2024-12-17 20:19:59,789 - graph info: nodes 307, edges 680
2024-12-17 20:19:59,789 - --------BEGIN TRAINING PROCESS------------
2024-12-17 20:20:36,328 - #################################################
2024-12-17 20:20:36,329 - pretrained path: None
2024-12-17 20:20:36,329 - learning k hop: 5
2024-12-17 20:20:36,329 - batch size: 8
2024-12-17 20:20:36,329 - learning rate: 0.002
2024-12-17 20:20:36,329 - Loss function: MSE
2024-12-17 20:20:36,330 - Total parameters: 11125
2024-12-17 20:20:36,330 - device: cuda:1
2024-12-17 20:20:36,330 - PARAMTER SETTINGS:
2024-12-17 20:20:36,330 - ADMM info: {'ADMM_iters': 24, 'CG_iters': 3, 'PGD_iters': 3, 'mu_u_init': 3, 'mu_d1_init': 3, 'mu_d2_init': 3}
2024-12-17 20:20:36,331 - graph info: nodes 307, edges 680
2024-12-17 20:20:36,331 - --------BEGIN TRAINING PROCESS------------
2024-12-17 20:36:27,690 - output: (723.4173583984375, 90.25308990478516)
2024-12-17 20:36:27,690 - Training: Epoch [1/30], Loss:5150.8593, rec_RMSE: 63.7406, RMSE_next:27.2220, RMSE:78.9864, MAE:63.8618, MAPE(%):111648668.7169
2024-12-17 20:36:27,691 - multiQ1, multiQ2, multiM: 1.438130497932434, 1.0354511737823486, 1.619902491569519
2024-12-17 20:36:27,691 - rho, rho_u, rho_d: 5.077816963195801, 5.130517959594727, 5.209540843963623
2024-12-17 20:36:27,692 - max alphas, 0.1956, 0.2000, 0.1993
2024-12-17 20:36:27,692 - max betas, 0.2000, 0.2000, 0.2000
2024-12-17 20:52:07,197 - #################################################
2024-12-17 20:52:07,198 - pretrained path: None
2024-12-17 20:52:07,198 - learning k hop: 5
2024-12-17 20:52:07,198 - batch size: 8
2024-12-17 20:52:07,198 - learning rate: 0.002
2024-12-17 20:52:07,201 - Loss function: MSE
2024-12-17 20:52:07,201 - Total parameters: 11125
2024-12-17 20:52:07,201 - device: cuda:0
2024-12-17 20:52:07,201 - PARAMTER SETTINGS:
2024-12-17 20:52:07,201 - ADMM info: {'ADMM_iters': 24, 'CG_iters': 3, 'PGD_iters': 3, 'mu_u_init': 3, 'mu_d1_init': 3, 'mu_d2_init': 3}
2024-12-17 20:52:07,201 - graph info: nodes 307, edges 680
2024-12-17 20:52:07,202 - --------BEGIN TRAINING PROCESS------------
2024-12-17 20:52:30,006 - output: (750.6055297851562, 90.25308990478516)
2024-12-17 20:52:30,009 - Training: Epoch [2/30], Loss:4781.6074, rec_RMSE: 59.4146, RMSE_next:26.4182, RMSE:77.6731, MAE:63.0558, MAPE(%):111459839.4485
2024-12-17 20:52:30,009 - multiQ1, multiQ2, multiM: 1.3778860569000244, 0.9836458563804626, 1.5364689826965332
2024-12-17 20:52:30,010 - rho, rho_u, rho_d: 5.0861639976501465, 5.121888637542725, 5.143167018890381
2024-12-17 20:52:30,010 - max alphas, 0.2000, 0.2000, 0.1955
2024-12-17 20:52:30,010 - max betas, 0.2000, 0.2000, 0.2000
2024-12-17 21:08:27,465 - output: (723.9337768554688, 90.25308990478516)
2024-12-17 21:08:27,468 - Training: Epoch [3/30], Loss:4551.7721, rec_RMSE: 58.5730, RMSE_next:25.5675, RMSE:75.3176, MAE:61.5263, MAPE(%):109435923.7491
2024-12-17 21:08:27,468 - multiQ1, multiQ2, multiM: 1.3976655006408691, 0.9948141574859619, 1.7004785537719727
2024-12-17 21:08:27,469 - rho, rho_u, rho_d: 5.086667060852051, 5.144249439239502, 5.148613452911377
2024-12-17 21:08:27,469 - max alphas, 0.2000, 0.2000, 0.2000
2024-12-17 21:08:27,470 - max betas, 0.2000, 0.2000, 0.2000
2024-12-17 21:24:18,776 - output: (611.7568969726562, 90.25308990478516)
2024-12-17 21:24:18,780 - Training: Epoch [4/30], Loss:4469.9743, rec_RMSE: 58.2853, RMSE_next:25.1819, RMSE:74.4498, MAE:60.9678, MAPE(%):108979277.1765
2024-12-17 21:24:18,781 - multiQ1, multiQ2, multiM: 1.429036259651184, 1.0276700258255005, 1.8440747261047363
2024-12-17 21:24:18,781 - rho, rho_u, rho_d: 5.091931343078613, 5.170702934265137, 5.174516677856445
2024-12-17 21:24:18,781 - max alphas, 0.2000, 0.2000, 0.2000
2024-12-17 21:24:18,782 - max betas, 0.2000, 0.2000, 0.2000
