2024-12-14 10:12:56,704 - #################################################
2024-12-14 10:12:56,704 - pretrained path: None
2024-12-14 10:12:56,705 - learning k hop: 2
2024-12-14 10:12:56,705 - batch size: 12
2024-12-14 10:12:56,705 - learning rate: 0.001
2024-12-14 10:12:56,705 - Loss function: MSE
2024-12-14 10:12:56,705 - Total parameters: 11065
2024-12-14 10:12:56,706 - device: cuda:0
2024-12-14 10:12:56,706 - PARAMTER SETTINGS:
2024-12-14 10:12:56,706 - ADMM info: {'ADMM_iters': 24, 'CG_iters': 3, 'PGD_iters': 3, 'mu_u_init': 3, 'mu_d1_init': 3, 'mu_d2_init': 3}
2024-12-14 10:12:56,706 - graph info: nodes 358, edges 1094
2024-12-14 10:12:56,706 - --------BEGIN TRAINING PROCESS------------
2024-12-14 10:14:54,552 - #################################################
2024-12-14 10:14:54,552 - pretrained path: None
2024-12-14 10:14:54,552 - learning k hop: 2
2024-12-14 10:14:54,552 - batch size: 12
2024-12-14 10:14:54,553 - learning rate: 0.001
2024-12-14 10:14:54,553 - Loss function: MSE
2024-12-14 10:14:54,553 - Total parameters: 11065
2024-12-14 10:14:54,553 - device: cuda:0
2024-12-14 10:14:54,554 - PARAMTER SETTINGS:
2024-12-14 10:14:54,554 - ADMM info: {'ADMM_iters': 24, 'CG_iters': 3, 'PGD_iters': 3, 'mu_u_init': 3, 'mu_d1_init': 3, 'mu_d2_init': 3}
2024-12-14 10:14:54,554 - graph info: nodes 358, edges 1094
2024-12-14 10:14:54,554 - --------BEGIN TRAINING PROCESS------------
2024-12-14 11:09:11,383 - output: (697.9133911132812, 1.9312620162963867)
2024-12-14 11:09:11,384 - Training: Epoch [1/30], Loss:5008.4747, rec_RMSE: 57.2306, RMSE_next:21.3869, RMSE:82.1073, MAE:59.2878, MAPE(%):27009182.1259
2024-12-14 11:09:11,384 - multiQ1, multiQ2, multiM: 1.193400263786316, 0.9460138082504272, 1.9481397867202759
2024-12-14 11:09:11,384 - rho, rho_u, rho_d: 5.7520036697387695, 5.515390872955322, 5.563138008117676
2024-12-14 11:09:11,384 - max alphas, 0.1508, 0.1250, 0.1443
2024-12-14 11:09:11,384 - max betas, 0.1255, 0.1264, 0.1105
2024-12-17 20:23:35,079 - #################################################
2024-12-17 20:23:35,079 - pretrained path: None
2024-12-17 20:23:35,081 - learning k hop: 5
2024-12-17 20:23:35,081 - batch size: 16
2024-12-17 20:23:35,082 - learning rate: 0.002
2024-12-17 20:23:35,082 - Loss function: MSE
2024-12-17 20:23:35,082 - Total parameters: 11065
2024-12-17 20:23:35,082 - device: cuda:0
2024-12-17 20:23:35,082 - PARAMTER SETTINGS:
2024-12-17 20:23:35,082 - ADMM info: {'ADMM_iters': 24, 'CG_iters': 3, 'PGD_iters': 3, 'mu_u_init': 3, 'mu_d1_init': 3, 'mu_d2_init': 3}
2024-12-17 20:23:35,083 - graph info: nodes 358, edges 1094
2024-12-17 20:23:35,083 - --------BEGIN TRAINING PROCESS------------
2024-12-17 20:24:11,743 - #################################################
2024-12-17 20:24:11,743 - pretrained path: None
2024-12-17 20:24:11,744 - learning k hop: 5
2024-12-17 20:24:11,744 - batch size: 16
2024-12-17 20:24:11,747 - learning rate: 0.002
2024-12-17 20:24:11,747 - Loss function: MSE
2024-12-17 20:24:11,748 - Total parameters: 11065
2024-12-17 20:24:11,748 - device: cuda:0
2024-12-17 20:24:11,748 - PARAMTER SETTINGS:
2024-12-17 20:24:11,748 - ADMM info: {'ADMM_iters': 24, 'CG_iters': 3, 'PGD_iters': 3, 'mu_u_init': 3, 'mu_d1_init': 3, 'mu_d2_init': 3}
2024-12-17 20:24:11,748 - graph info: nodes 358, edges 1094
2024-12-17 20:24:11,748 - --------BEGIN TRAINING PROCESS------------
2024-12-17 20:25:28,119 - #################################################
2024-12-17 20:25:28,120 - pretrained path: None
2024-12-17 20:25:28,120 - learning k hop: 5
2024-12-17 20:25:28,120 - batch size: 16
2024-12-17 20:25:28,120 - learning rate: 0.002
2024-12-17 20:25:28,120 - Loss function: MSE
2024-12-17 20:25:28,121 - Total parameters: 11065
2024-12-17 20:25:28,121 - device: cuda:0
2024-12-17 20:25:28,121 - PARAMTER SETTINGS:
2024-12-17 20:25:28,121 - ADMM info: {'ADMM_iters': 24, 'CG_iters': 3, 'PGD_iters': 3, 'mu_u_init': 3, 'mu_d1_init': 3, 'mu_d2_init': 3}
2024-12-17 20:25:28,121 - graph info: nodes 358, edges 1094
2024-12-17 20:25:28,121 - --------BEGIN TRAINING PROCESS------------
2024-12-17 20:26:01,557 - #################################################
2024-12-17 20:26:01,557 - pretrained path: None
2024-12-17 20:26:01,562 - learning k hop: 5
2024-12-17 20:26:01,562 - batch size: 16
2024-12-17 20:26:01,562 - learning rate: 0.002
2024-12-17 20:26:01,562 - Loss function: MSE
2024-12-17 20:26:01,562 - Total parameters: 11065
2024-12-17 20:26:01,562 - device: cuda:0
2024-12-17 20:26:01,563 - PARAMTER SETTINGS:
2024-12-17 20:26:01,563 - ADMM info: {'ADMM_iters': 24, 'CG_iters': 3, 'PGD_iters': 3, 'mu_u_init': 3, 'mu_d1_init': 3, 'mu_d2_init': 3}
2024-12-17 20:26:01,563 - graph info: nodes 358, edges 1094
2024-12-17 20:26:01,563 - --------BEGIN TRAINING PROCESS------------
2024-12-17 20:26:16,451 - #################################################
2024-12-17 20:26:16,451 - pretrained path: None
2024-12-17 20:26:16,451 - learning k hop: 5
2024-12-17 20:26:16,451 - batch size: 16
2024-12-17 20:26:16,451 - learning rate: 0.002
2024-12-17 20:26:16,452 - Loss function: MSE
2024-12-17 20:26:16,452 - Total parameters: 11065
2024-12-17 20:26:16,452 - device: cuda:0
2024-12-17 20:26:16,452 - PARAMTER SETTINGS:
2024-12-17 20:26:16,452 - ADMM info: {'ADMM_iters': 24, 'CG_iters': 3, 'PGD_iters': 3, 'mu_u_init': 3, 'mu_d1_init': 3, 'mu_d2_init': 3}
2024-12-17 20:26:16,452 - graph info: nodes 358, edges 1094
2024-12-17 20:26:16,453 - --------BEGIN TRAINING PROCESS------------
2024-12-17 20:28:25,625 - #################################################
2024-12-17 20:28:25,625 - pretrained path: None
2024-12-17 20:28:25,625 - learning k hop: 5
2024-12-17 20:28:25,625 - batch size: 16
2024-12-17 20:28:25,626 - learning rate: 0.002
2024-12-17 20:28:25,626 - Loss function: MSE
2024-12-17 20:28:25,626 - Total parameters: 11065
2024-12-17 20:28:25,626 - device: cuda:0
2024-12-17 20:28:25,626 - PARAMTER SETTINGS:
2024-12-17 20:28:25,626 - ADMM info: {'ADMM_iters': 24, 'CG_iters': 3, 'PGD_iters': 3, 'mu_u_init': 3, 'mu_d1_init': 3, 'mu_d2_init': 3}
2024-12-17 20:28:25,627 - graph info: nodes 358, edges 1094
2024-12-17 20:28:25,627 - --------BEGIN TRAINING PROCESS------------
2024-12-17 20:28:43,523 - #################################################
2024-12-17 20:28:43,523 - pretrained path: None
2024-12-17 20:28:43,523 - learning k hop: 5
2024-12-17 20:28:43,523 - batch size: 16
2024-12-17 20:28:43,523 - learning rate: 0.002
2024-12-17 20:28:43,524 - Loss function: MSE
2024-12-17 20:28:43,524 - Total parameters: 11065
2024-12-17 20:28:43,524 - device: cuda:0
2024-12-17 20:28:43,524 - PARAMTER SETTINGS:
2024-12-17 20:28:43,524 - ADMM info: {'ADMM_iters': 24, 'CG_iters': 3, 'PGD_iters': 3, 'mu_u_init': 3, 'mu_d1_init': 3, 'mu_d2_init': 3}
2024-12-17 20:28:43,524 - graph info: nodes 358, edges 1094
2024-12-17 20:28:43,525 - --------BEGIN TRAINING PROCESS------------
2024-12-17 20:29:33,489 - #################################################
2024-12-17 20:29:33,489 - pretrained path: None
2024-12-17 20:29:33,489 - learning k hop: 5
2024-12-17 20:29:33,489 - batch size: 16
2024-12-17 20:29:33,489 - learning rate: 0.002
2024-12-17 20:29:33,490 - Loss function: MSE
2024-12-17 20:29:33,490 - Total parameters: 11065
2024-12-17 20:29:33,490 - device: cuda:0
2024-12-17 20:29:33,490 - PARAMTER SETTINGS:
2024-12-17 20:29:33,490 - ADMM info: {'ADMM_iters': 24, 'CG_iters': 3, 'PGD_iters': 3, 'mu_u_init': 3, 'mu_d1_init': 3, 'mu_d2_init': 3}
2024-12-17 20:29:33,490 - graph info: nodes 358, edges 1094
2024-12-17 20:29:33,491 - --------BEGIN TRAINING PROCESS------------
2024-12-17 20:29:52,784 - #################################################
2024-12-17 20:29:52,784 - pretrained path: None
2024-12-17 20:29:52,784 - learning k hop: 5
2024-12-17 20:29:52,784 - batch size: 16
2024-12-17 20:29:52,785 - learning rate: 0.002
2024-12-17 20:29:52,785 - Loss function: MSE
2024-12-17 20:29:52,785 - Total parameters: 11065
2024-12-17 20:29:52,785 - device: cuda:0
2024-12-17 20:29:52,786 - PARAMTER SETTINGS:
2024-12-17 20:29:52,786 - ADMM info: {'ADMM_iters': 24, 'CG_iters': 3, 'PGD_iters': 3, 'mu_u_init': 3, 'mu_d1_init': 3, 'mu_d2_init': 3}
2024-12-17 20:29:52,786 - graph info: nodes 358, edges 1094
2024-12-17 20:29:52,786 - --------BEGIN TRAINING PROCESS------------
2024-12-17 20:33:52,471 - #################################################
2024-12-17 20:33:52,471 - pretrained path: None
2024-12-17 20:33:52,472 - learning k hop: 5
2024-12-17 20:33:52,472 - batch size: 16
2024-12-17 20:33:52,472 - learning rate: 0.002
2024-12-17 20:33:52,472 - Loss function: MSE
2024-12-17 20:33:52,472 - Total parameters: 11065
2024-12-17 20:33:52,472 - device: cuda:0
2024-12-17 20:33:52,473 - PARAMTER SETTINGS:
2024-12-17 20:33:52,473 - ADMM info: {'ADMM_iters': 24, 'CG_iters': 3, 'PGD_iters': 3, 'mu_u_init': 3, 'mu_d1_init': 3, 'mu_d2_init': 3}
2024-12-17 20:33:52,473 - graph info: nodes 358, edges 1094
2024-12-17 20:33:52,473 - --------BEGIN TRAINING PROCESS------------
2024-12-17 20:34:31,160 - #################################################
2024-12-17 20:34:31,160 - pretrained path: None
2024-12-17 20:34:31,160 - learning k hop: 5
2024-12-17 20:34:31,160 - batch size: 16
2024-12-17 20:34:31,160 - learning rate: 0.002
2024-12-17 20:34:31,161 - Loss function: MSE
2024-12-17 20:34:31,161 - Total parameters: 11065
2024-12-17 20:34:31,161 - device: cuda:0
2024-12-17 20:34:31,161 - PARAMTER SETTINGS:
2024-12-17 20:34:31,161 - ADMM info: {'ADMM_iters': 24, 'CG_iters': 3, 'PGD_iters': 3, 'mu_u_init': 3, 'mu_d1_init': 3, 'mu_d2_init': 3}
2024-12-17 20:34:31,162 - graph info: nodes 358, edges 1094
2024-12-17 20:34:31,162 - --------BEGIN TRAINING PROCESS------------
2024-12-17 20:35:08,704 - #################################################
2024-12-17 20:35:08,704 - pretrained path: None
2024-12-17 20:35:08,705 - learning k hop: 5
2024-12-17 20:35:08,705 - batch size: 16
2024-12-17 20:35:08,705 - learning rate: 0.002
2024-12-17 20:35:08,705 - Loss function: MSE
2024-12-17 20:35:08,705 - Total parameters: 11065
2024-12-17 20:35:08,705 - device: cuda:0
2024-12-17 20:35:08,706 - PARAMTER SETTINGS:
2024-12-17 20:35:08,706 - ADMM info: {'ADMM_iters': 24, 'CG_iters': 3, 'PGD_iters': 3, 'mu_u_init': 3, 'mu_d1_init': 3, 'mu_d2_init': 3}
2024-12-17 20:35:08,706 - graph info: nodes 358, edges 1094
2024-12-17 20:35:08,706 - --------BEGIN TRAINING PROCESS------------
2024-12-17 20:35:34,433 - #################################################
2024-12-17 20:35:34,434 - pretrained path: None
2024-12-17 20:35:34,434 - learning k hop: 5
2024-12-17 20:35:34,434 - batch size: 16
2024-12-17 20:35:34,434 - learning rate: 0.002
2024-12-17 20:35:34,435 - Loss function: MSE
2024-12-17 20:35:34,435 - Total parameters: 11065
2024-12-17 20:35:34,435 - device: cuda:0
2024-12-17 20:35:34,435 - PARAMTER SETTINGS:
2024-12-17 20:35:34,435 - ADMM info: {'ADMM_iters': 24, 'CG_iters': 3, 'PGD_iters': 3, 'mu_u_init': 3, 'mu_d1_init': 3, 'mu_d2_init': 3}
2024-12-17 20:35:34,435 - graph info: nodes 358, edges 1094
2024-12-17 20:35:34,435 - --------BEGIN TRAINING PROCESS------------
2024-12-17 20:36:42,111 - #################################################
2024-12-17 20:36:42,112 - pretrained path: None
2024-12-17 20:36:42,112 - learning k hop: 5
2024-12-17 20:36:42,112 - batch size: 16
2024-12-17 20:36:42,112 - learning rate: 0.002
2024-12-17 20:36:42,113 - Loss function: MSE
2024-12-17 20:36:42,113 - Total parameters: 11065
2024-12-17 20:36:42,113 - device: cuda:0
2024-12-17 20:36:42,113 - PARAMTER SETTINGS:
2024-12-17 20:36:42,113 - ADMM info: {'ADMM_iters': 24, 'CG_iters': 3, 'PGD_iters': 3, 'mu_u_init': 3, 'mu_d1_init': 3, 'mu_d2_init': 3}
2024-12-17 20:36:42,113 - graph info: nodes 358, edges 1094
2024-12-17 20:36:42,113 - --------BEGIN TRAINING PROCESS------------
2024-12-17 20:37:40,361 - #################################################
2024-12-17 20:37:40,362 - pretrained path: None
2024-12-17 20:37:40,362 - learning k hop: 5
2024-12-17 20:37:40,362 - batch size: 16
2024-12-17 20:37:40,364 - learning rate: 0.002
2024-12-17 20:37:40,364 - Loss function: MSE
2024-12-17 20:37:40,364 - Total parameters: 11065
2024-12-17 20:37:40,364 - device: cuda:0
2024-12-17 20:37:40,364 - PARAMTER SETTINGS:
2024-12-17 20:37:40,364 - ADMM info: {'ADMM_iters': 24, 'CG_iters': 3, 'PGD_iters': 3, 'mu_u_init': 3, 'mu_d1_init': 3, 'mu_d2_init': 3}
2024-12-17 20:37:40,364 - graph info: nodes 358, edges 1094
2024-12-17 20:37:40,396 - --------BEGIN TRAINING PROCESS------------
2024-12-17 20:38:26,400 - #################################################
2024-12-17 20:38:26,400 - pretrained path: None
2024-12-17 20:38:26,401 - learning k hop: 5
2024-12-17 20:38:26,401 - batch size: 16
2024-12-17 20:38:26,401 - learning rate: 0.002
2024-12-17 20:38:26,401 - Loss function: MSE
2024-12-17 20:38:26,401 - Total parameters: 11065
2024-12-17 20:38:26,401 - device: cuda:0
2024-12-17 20:38:26,401 - PARAMTER SETTINGS:
2024-12-17 20:38:26,401 - ADMM info: {'ADMM_iters': 24, 'CG_iters': 3, 'PGD_iters': 3, 'mu_u_init': 3, 'mu_d1_init': 3, 'mu_d2_init': 3}
2024-12-17 20:38:26,401 - graph info: nodes 358, edges 1094
2024-12-17 20:38:26,402 - --------BEGIN TRAINING PROCESS------------
2024-12-17 20:38:56,762 - #################################################
2024-12-17 20:38:56,762 - pretrained path: None
2024-12-17 20:38:56,762 - learning k hop: 5
2024-12-17 20:38:56,763 - batch size: 16
2024-12-17 20:38:56,763 - learning rate: 0.002
2024-12-17 20:38:56,763 - Loss function: MSE
2024-12-17 20:38:56,763 - Total parameters: 11065
2024-12-17 20:38:56,763 - device: cuda:0
2024-12-17 20:38:56,763 - PARAMTER SETTINGS:
2024-12-17 20:38:56,763 - ADMM info: {'ADMM_iters': 24, 'CG_iters': 3, 'PGD_iters': 3, 'mu_u_init': 3, 'mu_d1_init': 3, 'mu_d2_init': 3}
2024-12-17 20:38:56,763 - graph info: nodes 358, edges 1094
2024-12-17 20:38:56,763 - --------BEGIN TRAINING PROCESS------------
2024-12-17 20:39:35,877 - #################################################
2024-12-17 20:39:35,878 - pretrained path: None
2024-12-17 20:39:35,878 - learning k hop: 5
2024-12-17 20:39:35,878 - batch size: 16
2024-12-17 20:39:35,878 - learning rate: 0.002
2024-12-17 20:39:35,879 - Loss function: MSE
2024-12-17 20:39:35,879 - Total parameters: 11065
2024-12-17 20:39:35,879 - device: cuda:0
2024-12-17 20:39:35,879 - PARAMTER SETTINGS:
2024-12-17 20:39:35,879 - ADMM info: {'ADMM_iters': 24, 'CG_iters': 3, 'PGD_iters': 3, 'mu_u_init': 3, 'mu_d1_init': 3, 'mu_d2_init': 3}
2024-12-17 20:39:35,879 - graph info: nodes 358, edges 1094
2024-12-17 20:39:35,880 - --------BEGIN TRAINING PROCESS------------
2024-12-17 20:40:17,172 - #################################################
2024-12-17 20:40:17,172 - pretrained path: None
2024-12-17 20:40:17,173 - learning k hop: 5
2024-12-17 20:40:17,173 - batch size: 16
2024-12-17 20:40:17,173 - learning rate: 0.002
2024-12-17 20:40:17,173 - Loss function: MSE
2024-12-17 20:40:17,173 - Total parameters: 11065
2024-12-17 20:40:17,174 - device: cuda:0
2024-12-17 20:40:17,174 - PARAMTER SETTINGS:
2024-12-17 20:40:17,174 - ADMM info: {'ADMM_iters': 24, 'CG_iters': 3, 'PGD_iters': 3, 'mu_u_init': 3, 'mu_d1_init': 3, 'mu_d2_init': 3}
2024-12-17 20:40:17,174 - graph info: nodes 358, edges 1094
2024-12-17 20:40:17,174 - --------BEGIN TRAINING PROCESS------------
2024-12-17 20:41:30,018 - #################################################
2024-12-17 20:41:30,018 - pretrained path: None
2024-12-17 20:41:30,019 - learning k hop: 5
2024-12-17 20:41:30,019 - batch size: 16
2024-12-17 20:41:30,019 - learning rate: 0.002
2024-12-17 20:41:30,019 - Loss function: MSE
2024-12-17 20:41:30,019 - Total parameters: 11065
2024-12-17 20:41:30,019 - device: cuda:0
2024-12-17 20:41:30,019 - PARAMTER SETTINGS:
2024-12-17 20:41:30,020 - ADMM info: {'ADMM_iters': 24, 'CG_iters': 3, 'PGD_iters': 3, 'mu_u_init': 3, 'mu_d1_init': 3, 'mu_d2_init': 3}
2024-12-17 20:41:30,020 - graph info: nodes 358, edges 1094
2024-12-17 20:41:30,020 - --------BEGIN TRAINING PROCESS------------
2024-12-17 20:42:27,703 - #################################################
2024-12-17 20:42:27,703 - pretrained path: None
2024-12-17 20:42:27,703 - learning k hop: 5
2024-12-17 20:42:27,703 - batch size: 16
2024-12-17 20:42:27,703 - learning rate: 0.002
2024-12-17 20:42:27,704 - Loss function: MSE
2024-12-17 20:42:27,704 - Total parameters: 11065
2024-12-17 20:42:27,704 - device: cuda:0
2024-12-17 20:42:27,704 - PARAMTER SETTINGS:
2024-12-17 20:42:27,704 - ADMM info: {'ADMM_iters': 24, 'CG_iters': 3, 'PGD_iters': 3, 'mu_u_init': 3, 'mu_d1_init': 3, 'mu_d2_init': 3}
2024-12-17 20:42:27,705 - graph info: nodes 358, edges 1094
2024-12-17 20:42:27,705 - --------BEGIN TRAINING PROCESS------------
2024-12-17 20:43:37,206 - #################################################
2024-12-17 20:43:37,207 - pretrained path: None
2024-12-17 20:43:37,207 - learning k hop: 5
2024-12-17 20:43:37,207 - batch size: 16
2024-12-17 20:43:37,212 - learning rate: 0.002
2024-12-17 20:43:37,212 - Loss function: MSE
2024-12-17 20:43:37,212 - Total parameters: 11065
2024-12-17 20:43:37,212 - device: cuda:0
2024-12-17 20:43:37,212 - PARAMTER SETTINGS:
2024-12-17 20:43:37,212 - ADMM info: {'ADMM_iters': 24, 'CG_iters': 3, 'PGD_iters': 3, 'mu_u_init': 3, 'mu_d1_init': 3, 'mu_d2_init': 3}
2024-12-17 20:43:37,213 - graph info: nodes 358, edges 1094
2024-12-17 20:43:37,213 - --------BEGIN TRAINING PROCESS------------
2024-12-17 20:44:24,216 - #################################################
2024-12-17 20:44:24,217 - pretrained path: None
2024-12-17 20:44:24,217 - learning k hop: 5
2024-12-17 20:44:24,217 - batch size: 16
2024-12-17 20:44:24,217 - learning rate: 0.002
2024-12-17 20:44:24,217 - Loss function: MSE
2024-12-17 20:44:24,218 - Total parameters: 11065
2024-12-17 20:44:24,218 - device: cuda:0
2024-12-17 20:44:24,218 - PARAMTER SETTINGS:
2024-12-17 20:44:24,218 - ADMM info: {'ADMM_iters': 24, 'CG_iters': 3, 'PGD_iters': 3, 'mu_u_init': 3, 'mu_d1_init': 3, 'mu_d2_init': 3}
2024-12-17 20:44:24,218 - graph info: nodes 358, edges 1094
2024-12-17 20:44:24,218 - --------BEGIN TRAINING PROCESS------------
2024-12-17 20:44:49,822 - #################################################
2024-12-17 20:44:49,822 - pretrained path: None
2024-12-17 20:44:49,822 - learning k hop: 5
2024-12-17 20:44:49,822 - batch size: 16
2024-12-17 20:44:49,822 - learning rate: 0.002
2024-12-17 20:44:49,823 - Loss function: MSE
2024-12-17 20:44:49,823 - Total parameters: 11065
2024-12-17 20:44:49,823 - device: cuda:0
2024-12-17 20:44:49,823 - PARAMTER SETTINGS:
2024-12-17 20:44:49,823 - ADMM info: {'ADMM_iters': 24, 'CG_iters': 3, 'PGD_iters': 3, 'mu_u_init': 3, 'mu_d1_init': 3, 'mu_d2_init': 3}
2024-12-17 20:44:49,823 - graph info: nodes 358, edges 1094
2024-12-17 20:44:49,823 - --------BEGIN TRAINING PROCESS------------
2024-12-17 20:45:46,824 - #################################################
2024-12-17 20:45:46,825 - pretrained path: None
2024-12-17 20:45:46,825 - learning k hop: 5
2024-12-17 20:45:46,825 - batch size: 16
2024-12-17 20:45:46,825 - learning rate: 0.002
2024-12-17 20:45:46,826 - Loss function: MSE
2024-12-17 20:45:46,826 - Total parameters: 11065
2024-12-17 20:45:46,826 - device: cuda:0
2024-12-17 20:45:46,826 - PARAMTER SETTINGS:
2024-12-17 20:45:46,826 - ADMM info: {'ADMM_iters': 24, 'CG_iters': 3, 'PGD_iters': 3, 'mu_u_init': 3, 'mu_d1_init': 3, 'mu_d2_init': 3}
2024-12-17 20:45:46,826 - graph info: nodes 358, edges 1094
2024-12-17 20:45:46,827 - --------BEGIN TRAINING PROCESS------------
2024-12-17 20:46:12,722 - #################################################
2024-12-17 20:46:12,722 - pretrained path: None
2024-12-17 20:46:12,723 - learning k hop: 5
2024-12-17 20:46:12,723 - batch size: 16
2024-12-17 20:46:12,723 - learning rate: 0.002
2024-12-17 20:46:12,723 - Loss function: MSE
2024-12-17 20:46:12,723 - Total parameters: 11065
2024-12-17 20:46:12,723 - device: cuda:0
2024-12-17 20:46:12,724 - PARAMTER SETTINGS:
2024-12-17 20:46:12,724 - ADMM info: {'ADMM_iters': 24, 'CG_iters': 3, 'PGD_iters': 3, 'mu_u_init': 3, 'mu_d1_init': 3, 'mu_d2_init': 3}
2024-12-17 20:46:12,724 - graph info: nodes 358, edges 1094
2024-12-17 20:46:12,724 - --------BEGIN TRAINING PROCESS------------
2024-12-17 20:46:52,451 - #################################################
2024-12-17 20:46:52,451 - pretrained path: None
2024-12-17 20:46:52,451 - learning k hop: 5
2024-12-17 20:46:52,451 - batch size: 16
2024-12-17 20:46:52,453 - learning rate: 0.002
2024-12-17 20:46:52,453 - Loss function: MSE
2024-12-17 20:46:52,453 - Total parameters: 11065
2024-12-17 20:46:52,453 - device: cuda:0
2024-12-17 20:46:52,453 - PARAMTER SETTINGS:
2024-12-17 20:46:52,453 - ADMM info: {'ADMM_iters': 24, 'CG_iters': 3, 'PGD_iters': 3, 'mu_u_init': 3, 'mu_d1_init': 3, 'mu_d2_init': 3}
2024-12-17 20:46:52,453 - graph info: nodes 358, edges 1094
2024-12-17 20:46:52,453 - --------BEGIN TRAINING PROCESS------------
2024-12-17 20:47:50,249 - #################################################
2024-12-17 20:47:50,249 - pretrained path: None
2024-12-17 20:47:50,249 - learning k hop: 5
2024-12-17 20:47:50,250 - batch size: 16
2024-12-17 20:47:50,250 - learning rate: 0.002
2024-12-17 20:47:50,250 - Loss function: MSE
2024-12-17 20:47:50,250 - Total parameters: 11065
2024-12-17 20:47:50,250 - device: cuda:0
2024-12-17 20:47:50,250 - PARAMTER SETTINGS:
2024-12-17 20:47:50,250 - ADMM info: {'ADMM_iters': 24, 'CG_iters': 3, 'PGD_iters': 3, 'mu_u_init': 3, 'mu_d1_init': 3, 'mu_d2_init': 3}
2024-12-17 20:47:50,250 - graph info: nodes 358, edges 1094
2024-12-17 20:47:50,250 - --------BEGIN TRAINING PROCESS------------
2024-12-17 20:49:58,854 - #################################################
2024-12-17 20:49:58,854 - pretrained path: None
2024-12-17 20:49:58,855 - learning k hop: 5
2024-12-17 20:49:58,855 - batch size: 16
2024-12-17 20:49:58,855 - learning rate: 0.002
2024-12-17 20:49:58,856 - Loss function: MSE
2024-12-17 20:49:58,856 - Total parameters: 11065
2024-12-17 20:49:58,856 - device: cuda:0
2024-12-17 20:49:58,856 - PARAMTER SETTINGS:
2024-12-17 20:49:58,856 - ADMM info: {'ADMM_iters': 24, 'CG_iters': 3, 'PGD_iters': 3, 'mu_u_init': 3, 'mu_d1_init': 3, 'mu_d2_init': 3}
2024-12-17 20:49:58,856 - graph info: nodes 358, edges 1094
2024-12-17 20:49:58,856 - --------BEGIN TRAINING PROCESS------------
2024-12-17 20:50:51,980 - #################################################
2024-12-17 20:50:51,980 - pretrained path: None
2024-12-17 20:50:51,981 - learning k hop: 5
2024-12-17 20:50:51,981 - batch size: 16
2024-12-17 20:50:51,981 - learning rate: 0.002
2024-12-17 20:50:51,984 - Loss function: MSE
2024-12-17 20:50:51,984 - Total parameters: 11065
2024-12-17 20:50:51,985 - device: cuda:0
2024-12-17 20:50:51,985 - PARAMTER SETTINGS:
2024-12-17 20:50:51,985 - ADMM info: {'ADMM_iters': 24, 'CG_iters': 3, 'PGD_iters': 3, 'mu_u_init': 3, 'mu_d1_init': 3, 'mu_d2_init': 3}
2024-12-17 20:50:51,985 - graph info: nodes 358, edges 1094
2024-12-17 20:50:51,985 - --------BEGIN TRAINING PROCESS------------
